000 (1012020.000.000) 03/14 09:38:01 Job submitted from host: <192.168.1.254:35795>
...
013 (1012020.000.000) 03/14 09:38:04 Job was released.
	via condor_release (by user condor)
...
001 (1012020.000.000) 03/14 09:38:20 Job executing on host: <192.168.1.219:42259>
...
Job start: host=twqcd218, JOB_ID=1012020, GPU_ID=0, wdir=/home/cuda2025/twchiu/cuda_lecture/vecAdd_1GPU
005 (1012020.000.000) 03/14 09:38:24 Job terminated.
	(1) Normal termination (return value 0)
		Usr 0 00:00:00, Sys 0 00:00:00  -  Run Remote Usage
		Usr 0 00:00:00, Sys 0 00:00:00  -  Run Local Usage
		Usr 0 00:00:00, Sys 0 00:00:00  -  Total Remote Usage
		Usr 0 00:00:00, Sys 0 00:00:00  -  Total Local Usage
	0  -  Run Bytes Sent By Job
	0  -  Run Bytes Received By Job
	0  -  Total Bytes Sent By Job
	0  -  Total Bytes Received By Job
...
000 (1013275.000.000) 04/16 17:37:56 Job submitted from host: <192.168.1.254:35795>
...
013 (1013275.000.000) 04/16 17:38:04 Job was released.
	via condor_release (by user condor)
...
001 (1013275.000.000) 04/16 17:38:17 Job executing on host: <192.168.1.219:42259>
...
Job start: host=twqcd218, JOB_ID=1013275, GPU_ID=0, wdir=/home/cuda2025/B10505047/vecAdd_1GPU_copy
005 (1013275.000.000) 04/16 17:38:22 Job terminated.
	(1) Normal termination (return value 0)
		Usr 0 00:00:00, Sys 0 00:00:00  -  Run Remote Usage
		Usr 0 00:00:00, Sys 0 00:00:00  -  Run Local Usage
		Usr 0 00:00:00, Sys 0 00:00:00  -  Total Remote Usage
		Usr 0 00:00:00, Sys 0 00:00:00  -  Total Local Usage
	0  -  Run Bytes Sent By Job
	0  -  Run Bytes Received By Job
	0  -  Total Bytes Sent By Job
	0  -  Total Bytes Received By Job
...
000 (1013276.000.000) 04/16 17:41:46 Job submitted from host: <192.168.1.254:35795>
...
013 (1013276.000.000) 04/16 17:41:50 Job was released.
	via condor_release (by user condor)
...
001 (1013276.000.000) 04/16 17:42:11 Job executing on host: <192.168.1.219:42259>
...
Job start: host=twqcd218, JOB_ID=1013276, GPU_ID=0, wdir=/home/cuda2025/B10505047/vecAdd_1GPU_copy
005 (1013276.000.000) 04/16 17:42:15 Job terminated.
	(1) Normal termination (return value 0)
		Usr 0 00:00:00, Sys 0 00:00:00  -  Run Remote Usage
		Usr 0 00:00:00, Sys 0 00:00:00  -  Run Local Usage
		Usr 0 00:00:00, Sys 0 00:00:00  -  Total Remote Usage
		Usr 0 00:00:00, Sys 0 00:00:00  -  Total Local Usage
	0  -  Run Bytes Sent By Job
	0  -  Run Bytes Received By Job
	0  -  Total Bytes Sent By Job
	0  -  Total Bytes Received By Job
...
000 (1013277.000.000) 04/16 17:47:57 Job submitted from host: <192.168.1.254:35795>
...
013 (1013277.000.000) 04/16 17:48:01 Job was released.
	via condor_release (by user condor)
...
001 (1013277.000.000) 04/16 17:48:21 Job executing on host: <192.168.1.219:42259>
...
Job start: host=twqcd218, JOB_ID=1013277, GPU_ID=0, wdir=/home/cuda2025/B10505047/vecAdd_1GPU_copy
005 (1013277.000.000) 04/16 17:48:26 Job terminated.
	(1) Normal termination (return value 0)
		Usr 0 00:00:00, Sys 0 00:00:00  -  Run Remote Usage
		Usr 0 00:00:00, Sys 0 00:00:00  -  Run Local Usage
		Usr 0 00:00:00, Sys 0 00:00:00  -  Total Remote Usage
		Usr 0 00:00:00, Sys 0 00:00:00  -  Total Local Usage
	0  -  Run Bytes Sent By Job
	0  -  Run Bytes Received By Job
	0  -  Total Bytes Sent By Job
	0  -  Total Bytes Received By Job
...
000 (1013278.000.000) 04/16 17:50:38 Job submitted from host: <192.168.1.254:35795>
...
013 (1013278.000.000) 04/16 17:50:46 Job was released.
	via condor_release (by user condor)
...
001 (1013278.000.000) 04/16 17:51:11 Job executing on host: <192.168.1.219:42259>
...
Job start: host=twqcd218, JOB_ID=1013278, GPU_ID=0, wdir=/home/cuda2025/B10505047/vecAdd_1GPU_copy
005 (1013278.000.000) 04/16 17:51:15 Job terminated.
	(1) Normal termination (return value 0)
		Usr 0 00:00:00, Sys 0 00:00:00  -  Run Remote Usage
		Usr 0 00:00:00, Sys 0 00:00:00  -  Run Local Usage
		Usr 0 00:00:00, Sys 0 00:00:00  -  Total Remote Usage
		Usr 0 00:00:00, Sys 0 00:00:00  -  Total Local Usage
	0  -  Run Bytes Sent By Job
	0  -  Run Bytes Received By Job
	0  -  Total Bytes Sent By Job
	0  -  Total Bytes Received By Job
...
000 (1013292.000.000) 04/16 21:43:47 Job submitted from host: <192.168.1.254:35795>
...
013 (1013292.000.000) 04/16 21:44:02 Job was released.
	via condor_release (by user condor)
...
001 (1013292.000.000) 04/16 21:44:16 Job executing on host: <192.168.1.219:42259>
...
Job start: host=twqcd218, JOB_ID=1013292, GPU_ID=0, wdir=/home/cuda2025/B10505047/vecAdd_1GPU_copy
005 (1013292.000.000) 04/16 21:44:20 Job terminated.
	(1) Normal termination (return value 0)
		Usr 0 00:00:00, Sys 0 00:00:00  -  Run Remote Usage
		Usr 0 00:00:00, Sys 0 00:00:00  -  Run Local Usage
		Usr 0 00:00:00, Sys 0 00:00:00  -  Total Remote Usage
		Usr 0 00:00:00, Sys 0 00:00:00  -  Total Local Usage
	0  -  Run Bytes Sent By Job
	0  -  Run Bytes Received By Job
	0  -  Total Bytes Sent By Job
	0  -  Total Bytes Received By Job
...
000 (1013294.000.000) 04/16 21:54:32 Job submitted from host: <192.168.1.254:35795>
...
013 (1013294.000.000) 04/16 21:54:41 Job was released.
	via condor_release (by user condor)
...
001 (1013294.000.000) 04/16 21:55:03 Job executing on host: <192.168.1.219:42259>
...
Job start: host=twqcd218, JOB_ID=1013294, GPU_ID=0, wdir=/home/cuda2025/B10505047/vecAdd_1GPU_copy
005 (1013294.000.000) 04/16 21:55:07 Job terminated.
	(1) Normal termination (return value 0)
		Usr 0 00:00:00, Sys 0 00:00:00  -  Run Remote Usage
		Usr 0 00:00:00, Sys 0 00:00:00  -  Run Local Usage
		Usr 0 00:00:00, Sys 0 00:00:00  -  Total Remote Usage
		Usr 0 00:00:00, Sys 0 00:00:00  -  Total Local Usage
	0  -  Run Bytes Sent By Job
	0  -  Run Bytes Received By Job
	0  -  Total Bytes Sent By Job
	0  -  Total Bytes Received By Job
...
000 (1013296.000.000) 04/16 22:15:14 Job submitted from host: <192.168.1.254:35795>
...
013 (1013296.000.000) 04/16 22:15:18 Job was released.
	via condor_release (by user condor)
...
001 (1013296.000.000) 04/16 22:15:23 Job executing on host: <192.168.1.219:42259>
...
Job start: host=twqcd218, JOB_ID=1013296, GPU_ID=0, wdir=/home/cuda2025/B10505047/vecAdd_1GPU_copy
005 (1013296.000.000) 04/16 22:15:27 Job terminated.
	(1) Normal termination (return value 0)
		Usr 0 00:00:00, Sys 0 00:00:00  -  Run Remote Usage
		Usr 0 00:00:00, Sys 0 00:00:00  -  Run Local Usage
		Usr 0 00:00:00, Sys 0 00:00:00  -  Total Remote Usage
		Usr 0 00:00:00, Sys 0 00:00:00  -  Total Local Usage
	0  -  Run Bytes Sent By Job
	0  -  Run Bytes Received By Job
	0  -  Total Bytes Sent By Job
	0  -  Total Bytes Received By Job
...
000 (1013297.000.000) 04/16 22:22:39 Job submitted from host: <192.168.1.254:35795>
...
013 (1013297.000.000) 04/16 22:22:41 Job was released.
	via condor_release (by user condor)
...
001 (1013297.000.000) 04/16 22:23:01 Job executing on host: <192.168.1.219:42259>
...
Job start: host=twqcd218, JOB_ID=1013297, GPU_ID=0, wdir=/home/cuda2025/B10505047/vecAdd_1GPU_copy
005 (1013297.000.000) 04/16 22:23:05 Job terminated.
	(1) Normal termination (return value 0)
		Usr 0 00:00:00, Sys 0 00:00:00  -  Run Remote Usage
		Usr 0 00:00:00, Sys 0 00:00:00  -  Run Local Usage
		Usr 0 00:00:00, Sys 0 00:00:00  -  Total Remote Usage
		Usr 0 00:00:00, Sys 0 00:00:00  -  Total Local Usage
	0  -  Run Bytes Sent By Job
	0  -  Run Bytes Received By Job
	0  -  Total Bytes Sent By Job
	0  -  Total Bytes Received By Job
...
000 (1013315.000.000) 04/17 21:28:37 Job submitted from host: <192.168.1.254:35795>
...
013 (1013315.000.000) 04/17 21:28:41 Job was released.
	via condor_release (by user condor)
...
001 (1013315.000.000) 04/17 21:28:59 Job executing on host: <192.168.1.219:42259>
...
005 (1013315.000.000) 04/17 21:28:59 Job terminated.
	(1) Normal termination (return value 1)
		Usr 0 00:00:00, Sys 0 00:00:00  -  Run Remote Usage
		Usr 0 00:00:00, Sys 0 00:00:00  -  Run Local Usage
		Usr 0 00:00:00, Sys 0 00:00:00  -  Total Remote Usage
		Usr 0 00:00:00, Sys 0 00:00:00  -  Total Local Usage
	0  -  Run Bytes Sent By Job
	0  -  Run Bytes Received By Job
	0  -  Total Bytes Sent By Job
	0  -  Total Bytes Received By Job
...
000 (1013316.000.000) 04/17 21:30:12 Job submitted from host: <192.168.1.254:35795>
...
013 (1013316.000.000) 04/17 21:30:14 Job was released.
	via condor_release (by user condor)
...
001 (1013316.000.000) 04/17 21:30:25 Job executing on host: <192.168.1.219:42259>
...
Job start: host=twqcd218, JOB_ID=1013316, GPU_ID=0, wdir=/home/cuda2025/B10505047/vecAdd_1GPU_copy
005 (1013316.000.000) 04/17 21:30:26 Job terminated.
	(1) Normal termination (return value 0)
		Usr 0 00:00:00, Sys 0 00:00:00  -  Run Remote Usage
		Usr 0 00:00:00, Sys 0 00:00:00  -  Run Local Usage
		Usr 0 00:00:00, Sys 0 00:00:00  -  Total Remote Usage
		Usr 0 00:00:00, Sys 0 00:00:00  -  Total Local Usage
	0  -  Run Bytes Sent By Job
	0  -  Run Bytes Received By Job
	0  -  Total Bytes Sent By Job
	0  -  Total Bytes Received By Job
...
000 (1013317.000.000) 04/17 21:34:43 Job submitted from host: <192.168.1.254:35795>
...
013 (1013317.000.000) 04/17 21:34:52 Job was released.
	via condor_release (by user condor)
...
001 (1013317.000.000) 04/17 21:35:17 Job executing on host: <192.168.1.219:42259>
...
Job start: host=twqcd218, JOB_ID=1013317, GPU_ID=0, wdir=/home/cuda2025/B10505047/vecAdd_1GPU_copy
005 (1013317.000.000) 04/17 21:35:18 Job terminated.
	(1) Normal termination (return value 0)
		Usr 0 00:00:00, Sys 0 00:00:00  -  Run Remote Usage
		Usr 0 00:00:00, Sys 0 00:00:00  -  Run Local Usage
		Usr 0 00:00:00, Sys 0 00:00:00  -  Total Remote Usage
		Usr 0 00:00:00, Sys 0 00:00:00  -  Total Local Usage
	0  -  Run Bytes Sent By Job
	0  -  Run Bytes Received By Job
	0  -  Total Bytes Sent By Job
	0  -  Total Bytes Received By Job
...
000 (1013318.000.000) 04/17 21:48:18 Job submitted from host: <192.168.1.254:35795>
...
013 (1013318.000.000) 04/17 21:48:26 Job was released.
	via condor_release (by user condor)
...
001 (1013318.000.000) 04/17 21:48:46 Job executing on host: <192.168.1.219:42259>
...
Job start: host=twqcd218, JOB_ID=1013318, GPU_ID=0, wdir=/home/cuda2025/B10505047/vecAdd_1GPU_copy
005 (1013318.000.000) 04/17 21:48:46 Job terminated.
	(1) Normal termination (return value 0)
		Usr 0 00:00:00, Sys 0 00:00:00  -  Run Remote Usage
		Usr 0 00:00:00, Sys 0 00:00:00  -  Run Local Usage
		Usr 0 00:00:00, Sys 0 00:00:00  -  Total Remote Usage
		Usr 0 00:00:00, Sys 0 00:00:00  -  Total Local Usage
	0  -  Run Bytes Sent By Job
	0  -  Run Bytes Received By Job
	0  -  Total Bytes Sent By Job
	0  -  Total Bytes Received By Job
...
000 (1013319.000.000) 04/17 21:50:52 Job submitted from host: <192.168.1.254:35795>
...
013 (1013319.000.000) 04/17 21:51:01 Job was released.
	via condor_release (by user condor)
...
001 (1013319.000.000) 04/17 21:51:12 Job executing on host: <192.168.1.219:42259>
...
Job start: host=twqcd218, JOB_ID=1013319, GPU_ID=0, wdir=/home/cuda2025/B10505047/vecAdd_1GPU_copy
005 (1013319.000.000) 04/17 21:51:13 Job terminated.
	(1) Normal termination (return value 0)
		Usr 0 00:00:00, Sys 0 00:00:00  -  Run Remote Usage
		Usr 0 00:00:00, Sys 0 00:00:00  -  Run Local Usage
		Usr 0 00:00:00, Sys 0 00:00:00  -  Total Remote Usage
		Usr 0 00:00:00, Sys 0 00:00:00  -  Total Local Usage
	0  -  Run Bytes Sent By Job
	0  -  Run Bytes Received By Job
	0  -  Total Bytes Sent By Job
	0  -  Total Bytes Received By Job
...
000 (1013320.000.000) 04/17 21:53:41 Job submitted from host: <192.168.1.254:35795>
...
013 (1013320.000.000) 04/17 21:53:46 Job was released.
	via condor_release (by user condor)
...
001 (1013320.000.000) 04/17 21:53:49 Job executing on host: <192.168.1.219:42259>
...
Job start: host=twqcd218, JOB_ID=1013320, GPU_ID=0, wdir=/home/cuda2025/B10505047/vecAdd_1GPU_copy
005 (1013320.000.000) 04/17 21:53:50 Job terminated.
	(1) Normal termination (return value 0)
		Usr 0 00:00:00, Sys 0 00:00:00  -  Run Remote Usage
		Usr 0 00:00:00, Sys 0 00:00:00  -  Run Local Usage
		Usr 0 00:00:00, Sys 0 00:00:00  -  Total Remote Usage
		Usr 0 00:00:00, Sys 0 00:00:00  -  Total Local Usage
	0  -  Run Bytes Sent By Job
	0  -  Run Bytes Received By Job
	0  -  Total Bytes Sent By Job
	0  -  Total Bytes Received By Job
...
000 (1013321.000.000) 04/17 21:55:25 Job submitted from host: <192.168.1.254:35795>
...
013 (1013321.000.000) 04/17 21:55:29 Job was released.
	via condor_release (by user condor)
...
001 (1013321.000.000) 04/17 21:55:33 Job executing on host: <192.168.1.219:42259>
...
Job start: host=twqcd218, JOB_ID=1013321, GPU_ID=0, wdir=/home/cuda2025/B10505047/vecAdd_1GPU_copy
005 (1013321.000.000) 04/17 21:55:33 Job terminated.
	(1) Normal termination (return value 0)
		Usr 0 00:00:00, Sys 0 00:00:00  -  Run Remote Usage
		Usr 0 00:00:00, Sys 0 00:00:00  -  Run Local Usage
		Usr 0 00:00:00, Sys 0 00:00:00  -  Total Remote Usage
		Usr 0 00:00:00, Sys 0 00:00:00  -  Total Local Usage
	0  -  Run Bytes Sent By Job
	0  -  Run Bytes Received By Job
	0  -  Total Bytes Sent By Job
	0  -  Total Bytes Received By Job
...
000 (1013322.000.000) 04/17 21:56:24 Job submitted from host: <192.168.1.254:35795>
...
013 (1013322.000.000) 04/17 21:56:31 Job was released.
	via condor_release (by user condor)
...
001 (1013322.000.000) 04/17 21:56:48 Job executing on host: <192.168.1.219:42259>
...
Job start: host=twqcd218, JOB_ID=1013322, GPU_ID=0, wdir=/home/cuda2025/B10505047/vecAdd_1GPU_copy
005 (1013322.000.000) 04/17 21:56:50 Job terminated.
	(1) Normal termination (return value 0)
		Usr 0 00:00:00, Sys 0 00:00:00  -  Run Remote Usage
		Usr 0 00:00:00, Sys 0 00:00:00  -  Run Local Usage
		Usr 0 00:00:00, Sys 0 00:00:00  -  Total Remote Usage
		Usr 0 00:00:00, Sys 0 00:00:00  -  Total Local Usage
	0  -  Run Bytes Sent By Job
	0  -  Run Bytes Received By Job
	0  -  Total Bytes Sent By Job
	0  -  Total Bytes Received By Job
...
000 (1013323.000.000) 04/17 22:03:13 Job submitted from host: <192.168.1.254:35795>
...
013 (1013323.000.000) 04/17 22:03:23 Job was released.
	via condor_release (by user condor)
...
001 (1013323.000.000) 04/17 22:03:44 Job executing on host: <192.168.1.219:42259>
...
Job start: host=twqcd218, JOB_ID=1013323, GPU_ID=0, wdir=/home/cuda2025/B10505047/b10505047_HW1
005 (1013323.000.000) 04/17 22:03:45 Job terminated.
	(1) Normal termination (return value 0)
		Usr 0 00:00:00, Sys 0 00:00:00  -  Run Remote Usage
		Usr 0 00:00:00, Sys 0 00:00:00  -  Run Local Usage
		Usr 0 00:00:00, Sys 0 00:00:00  -  Total Remote Usage
		Usr 0 00:00:00, Sys 0 00:00:00  -  Total Local Usage
	0  -  Run Bytes Sent By Job
	0  -  Run Bytes Received By Job
	0  -  Total Bytes Sent By Job
	0  -  Total Bytes Received By Job
...
000 (1013324.000.000) 04/17 22:07:54 Job submitted from host: <192.168.1.254:35795>
...
013 (1013324.000.000) 04/17 22:08:01 Job was released.
	via condor_release (by user condor)
...
001 (1013324.000.000) 04/17 22:08:16 Job executing on host: <192.168.1.219:42259>
...
Job start: host=twqcd218, JOB_ID=1013324, GPU_ID=0, wdir=/home/cuda2025/B10505047/b10505047_HW1
005 (1013324.000.000) 04/17 22:08:16 Job terminated.
	(1) Normal termination (return value 0)
		Usr 0 00:00:00, Sys 0 00:00:00  -  Run Remote Usage
		Usr 0 00:00:00, Sys 0 00:00:00  -  Run Local Usage
		Usr 0 00:00:00, Sys 0 00:00:00  -  Total Remote Usage
		Usr 0 00:00:00, Sys 0 00:00:00  -  Total Local Usage
	0  -  Run Bytes Sent By Job
	0  -  Run Bytes Received By Job
	0  -  Total Bytes Sent By Job
	0  -  Total Bytes Received By Job
...
000 (1013325.000.000) 04/17 22:08:54 Job submitted from host: <192.168.1.254:35795>
...
013 (1013325.000.000) 04/17 22:09:03 Job was released.
	via condor_release (by user condor)
...
001 (1013325.000.000) 04/17 22:09:20 Job executing on host: <192.168.1.219:42259>
...
Job start: host=twqcd218, JOB_ID=1013325, GPU_ID=0, wdir=/home/cuda2025/B10505047/b10505047_HW1
005 (1013325.000.000) 04/17 22:09:21 Job terminated.
	(1) Normal termination (return value 0)
		Usr 0 00:00:00, Sys 0 00:00:00  -  Run Remote Usage
		Usr 0 00:00:00, Sys 0 00:00:00  -  Run Local Usage
		Usr 0 00:00:00, Sys 0 00:00:00  -  Total Remote Usage
		Usr 0 00:00:00, Sys 0 00:00:00  -  Total Local Usage
	0  -  Run Bytes Sent By Job
	0  -  Run Bytes Received By Job
	0  -  Total Bytes Sent By Job
	0  -  Total Bytes Received By Job
...
000 (1013326.000.000) 04/17 22:11:13 Job submitted from host: <192.168.1.254:35795>
...
013 (1013326.000.000) 04/17 22:11:18 Job was released.
	via condor_release (by user condor)
...
001 (1013326.000.000) 04/17 22:11:38 Job executing on host: <192.168.1.219:42259>
...
Job start: host=twqcd218, JOB_ID=1013326, GPU_ID=0, wdir=/home/cuda2025/B10505047/b10505047_HW1
005 (1013326.000.000) 04/17 22:11:39 Job terminated.
	(1) Normal termination (return value 0)
		Usr 0 00:00:00, Sys 0 00:00:00  -  Run Remote Usage
		Usr 0 00:00:00, Sys 0 00:00:00  -  Run Local Usage
		Usr 0 00:00:00, Sys 0 00:00:00  -  Total Remote Usage
		Usr 0 00:00:00, Sys 0 00:00:00  -  Total Local Usage
	0  -  Run Bytes Sent By Job
	0  -  Run Bytes Received By Job
	0  -  Total Bytes Sent By Job
	0  -  Total Bytes Received By Job
...
000 (1013327.000.000) 04/17 22:13:19 Job submitted from host: <192.168.1.254:35795>
...
013 (1013327.000.000) 04/17 22:13:21 Job was released.
	via condor_release (by user condor)
...
001 (1013327.000.000) 04/17 22:13:45 Job executing on host: <192.168.1.219:42259>
...
Job start: host=twqcd218, JOB_ID=1013327, GPU_ID=0, wdir=/home/cuda2025/B10505047/b10505047_HW1
005 (1013327.000.000) 04/17 22:13:46 Job terminated.
	(1) Normal termination (return value 0)
		Usr 0 00:00:00, Sys 0 00:00:00  -  Run Remote Usage
		Usr 0 00:00:00, Sys 0 00:00:00  -  Run Local Usage
		Usr 0 00:00:00, Sys 0 00:00:00  -  Total Remote Usage
		Usr 0 00:00:00, Sys 0 00:00:00  -  Total Local Usage
	0  -  Run Bytes Sent By Job
	0  -  Run Bytes Received By Job
	0  -  Total Bytes Sent By Job
	0  -  Total Bytes Received By Job
...
000 (1013328.000.000) 04/17 22:18:35 Job submitted from host: <192.168.1.254:35795>
...
013 (1013328.000.000) 04/17 22:18:41 Job was released.
	via condor_release (by user condor)
...
001 (1013328.000.000) 04/17 22:19:00 Job executing on host: <192.168.1.219:42259>
...
Job start: host=twqcd218, JOB_ID=1013328, GPU_ID=0, wdir=/home/cuda2025/B10505047/b10505047_HW1
005 (1013328.000.000) 04/17 22:19:01 Job terminated.
	(1) Normal termination (return value 0)
		Usr 0 00:00:00, Sys 0 00:00:00  -  Run Remote Usage
		Usr 0 00:00:00, Sys 0 00:00:00  -  Run Local Usage
		Usr 0 00:00:00, Sys 0 00:00:00  -  Total Remote Usage
		Usr 0 00:00:00, Sys 0 00:00:00  -  Total Local Usage
	0  -  Run Bytes Sent By Job
	0  -  Run Bytes Received By Job
	0  -  Total Bytes Sent By Job
	0  -  Total Bytes Received By Job
...
000 (1013329.000.000) 04/17 22:26:07 Job submitted from host: <192.168.1.254:35795>
...
013 (1013329.000.000) 04/17 22:26:14 Job was released.
	via condor_release (by user condor)
...
001 (1013329.000.000) 04/17 22:26:31 Job executing on host: <192.168.1.219:42259>
...
Job start: host=twqcd218, JOB_ID=1013329, GPU_ID=0, wdir=/home/cuda2025/B10505047/b10505047_HW1
005 (1013329.000.000) 04/17 22:26:32 Job terminated.
	(1) Normal termination (return value 0)
		Usr 0 00:00:00, Sys 0 00:00:00  -  Run Remote Usage
		Usr 0 00:00:00, Sys 0 00:00:00  -  Run Local Usage
		Usr 0 00:00:00, Sys 0 00:00:00  -  Total Remote Usage
		Usr 0 00:00:00, Sys 0 00:00:00  -  Total Local Usage
	0  -  Run Bytes Sent By Job
	0  -  Run Bytes Received By Job
	0  -  Total Bytes Sent By Job
	0  -  Total Bytes Received By Job
...
000 (1013330.000.000) 04/17 22:29:02 Job submitted from host: <192.168.1.254:35795>
...
013 (1013330.000.000) 04/17 22:29:09 Job was released.
	via condor_release (by user condor)
...
001 (1013330.000.000) 04/17 22:29:21 Job executing on host: <192.168.1.219:42259>
...
Job start: host=twqcd218, JOB_ID=1013330, GPU_ID=0, wdir=/home/cuda2025/B10505047/b10505047_HW1
005 (1013330.000.000) 04/17 22:29:22 Job terminated.
	(1) Normal termination (return value 0)
		Usr 0 00:00:00, Sys 0 00:00:00  -  Run Remote Usage
		Usr 0 00:00:00, Sys 0 00:00:00  -  Run Local Usage
		Usr 0 00:00:00, Sys 0 00:00:00  -  Total Remote Usage
		Usr 0 00:00:00, Sys 0 00:00:00  -  Total Local Usage
	0  -  Run Bytes Sent By Job
	0  -  Run Bytes Received By Job
	0  -  Total Bytes Sent By Job
	0  -  Total Bytes Received By Job
...
