000 (1012208.000.000) 03/21 09:20:38 Job submitted from host: <192.168.1.254:35795>
...
013 (1012208.000.000) 03/21 09:20:39 Job was released.
	via condor_release (by user condor)
...
001 (1012208.000.000) 03/21 09:20:45 Job executing on host: <192.168.1.219:42259>
...
Job start: host=twqcd218, JOB_ID=1012208, GPU_ID=0, wdir=/home/cuda2025/twchiu/cuda_lecture/vecDotProduct
005 (1012208.000.000) 03/21 09:20:50 Job terminated.
	(1) Normal termination (return value 0)
		Usr 0 00:00:00, Sys 0 00:00:00  -  Run Remote Usage
		Usr 0 00:00:00, Sys 0 00:00:00  -  Run Local Usage
		Usr 0 00:00:00, Sys 0 00:00:00  -  Total Remote Usage
		Usr 0 00:00:00, Sys 0 00:00:00  -  Total Local Usage
	0  -  Run Bytes Sent By Job
	0  -  Run Bytes Received By Job
	0  -  Total Bytes Sent By Job
	0  -  Total Bytes Received By Job
...
000 (1012209.000.000) 03/21 09:21:38 Job submitted from host: <192.168.1.254:35795>
...
013 (1012209.000.000) 03/21 09:21:41 Job was released.
	via condor_release (by user condor)
...
001 (1012209.000.000) 03/21 09:22:02 Job executing on host: <192.168.1.219:42259>
...
Job start: host=twqcd218, JOB_ID=1012209, GPU_ID=0, wdir=/home/cuda2025/twchiu/cuda_lecture/vecDotProduct
005 (1012209.000.000) 03/21 09:22:04 Job terminated.
	(1) Normal termination (return value 0)
		Usr 0 00:00:00, Sys 0 00:00:00  -  Run Remote Usage
		Usr 0 00:00:00, Sys 0 00:00:00  -  Run Local Usage
		Usr 0 00:00:00, Sys 0 00:00:00  -  Total Remote Usage
		Usr 0 00:00:00, Sys 0 00:00:00  -  Total Local Usage
	0  -  Run Bytes Sent By Job
	0  -  Run Bytes Received By Job
	0  -  Total Bytes Sent By Job
	0  -  Total Bytes Received By Job
...
000 (1012210.000.000) 03/21 09:22:45 Job submitted from host: <192.168.1.254:35795>
...
013 (1012210.000.000) 03/21 09:22:54 Job was released.
	via condor_release (by user condor)
...
001 (1012210.000.000) 03/21 09:23:14 Job executing on host: <192.168.1.219:42259>
...
Job start: host=twqcd218, JOB_ID=1012210, GPU_ID=0, wdir=/home/cuda2025/twchiu/cuda_lecture/vecDotProduct
005 (1012210.000.000) 03/21 09:23:16 Job terminated.
	(1) Normal termination (return value 0)
		Usr 0 00:00:00, Sys 0 00:00:00  -  Run Remote Usage
		Usr 0 00:00:00, Sys 0 00:00:00  -  Run Local Usage
		Usr 0 00:00:00, Sys 0 00:00:00  -  Total Remote Usage
		Usr 0 00:00:00, Sys 0 00:00:00  -  Total Local Usage
	0  -  Run Bytes Sent By Job
	0  -  Run Bytes Received By Job
	0  -  Total Bytes Sent By Job
	0  -  Total Bytes Received By Job
...
000 (1012211.000.000) 03/21 09:25:06 Job submitted from host: <192.168.1.254:35795>
...
013 (1012211.000.000) 03/21 09:25:08 Job was released.
	via condor_release (by user condor)
...
001 (1012211.000.000) 03/21 09:25:31 Job executing on host: <192.168.1.219:42259>
...
Job start: host=twqcd218, JOB_ID=1012211, GPU_ID=0, wdir=/home/cuda2025/twchiu/cuda_lecture/vecDotProduct
005 (1012211.000.000) 03/21 09:25:41 Job terminated.
	(1) Normal termination (return value 0)
		Usr 0 00:00:00, Sys 0 00:00:00  -  Run Remote Usage
		Usr 0 00:00:00, Sys 0 00:00:00  -  Run Local Usage
		Usr 0 00:00:00, Sys 0 00:00:00  -  Total Remote Usage
		Usr 0 00:00:00, Sys 0 00:00:00  -  Total Local Usage
	0  -  Run Bytes Sent By Job
	0  -  Run Bytes Received By Job
	0  -  Total Bytes Sent By Job
	0  -  Total Bytes Received By Job
...
000 (1013981.000.000) 04/24 23:27:47 Job submitted from host: <192.168.1.254:35795>
...
013 (1013981.000.000) 04/24 23:27:52 Job was released.
	via condor_release (by user condor)
...
001 (1013981.000.000) 04/24 23:28:14 Job executing on host: <192.168.1.219:42259>
...
Job start: host=twqcd218, JOB_ID=1013981, GPU_ID=0, wdir=/home/cuda2025/B10505047/b10505047_HW2
005 (1013981.000.000) 04/24 23:28:15 Job terminated.
	(1) Normal termination (return value 0)
		Usr 0 00:00:00, Sys 0 00:00:00  -  Run Remote Usage
		Usr 0 00:00:00, Sys 0 00:00:00  -  Run Local Usage
		Usr 0 00:00:00, Sys 0 00:00:00  -  Total Remote Usage
		Usr 0 00:00:00, Sys 0 00:00:00  -  Total Local Usage
	0  -  Run Bytes Sent By Job
	0  -  Run Bytes Received By Job
	0  -  Total Bytes Sent By Job
	0  -  Total Bytes Received By Job
...
000 (1013982.000.000) 04/24 23:30:13 Job submitted from host: <192.168.1.254:35795>
...
013 (1013982.000.000) 04/24 23:30:17 Job was released.
	via condor_release (by user condor)
...
001 (1013982.000.000) 04/24 23:30:40 Job executing on host: <192.168.1.219:42259>
...
Job start: host=twqcd218, JOB_ID=1013982, GPU_ID=0, wdir=/home/cuda2025/B10505047/b10505047_HW2
005 (1013982.000.000) 04/24 23:30:42 Job terminated.
	(1) Normal termination (return value 0)
		Usr 0 00:00:00, Sys 0 00:00:00  -  Run Remote Usage
		Usr 0 00:00:00, Sys 0 00:00:00  -  Run Local Usage
		Usr 0 00:00:00, Sys 0 00:00:00  -  Total Remote Usage
		Usr 0 00:00:00, Sys 0 00:00:00  -  Total Local Usage
	0  -  Run Bytes Sent By Job
	0  -  Run Bytes Received By Job
	0  -  Total Bytes Sent By Job
	0  -  Total Bytes Received By Job
...
000 (1014122.000.000) 04/27 16:29:39 Job submitted from host: <192.168.1.254:35795>
...
013 (1014122.000.000) 04/27 16:29:42 Job was released.
	via condor_release (by user condor)
...
001 (1014122.000.000) 04/27 16:30:04 Job executing on host: <192.168.1.219:42259>
...
Job start: host=twqcd218, JOB_ID=1014122, GPU_ID=0, wdir=/home/cuda2025/B10505047/b10505047_HW2
005 (1014122.000.000) 04/27 16:30:06 Job terminated.
	(1) Normal termination (return value 0)
		Usr 0 00:00:00, Sys 0 00:00:00  -  Run Remote Usage
		Usr 0 00:00:00, Sys 0 00:00:00  -  Run Local Usage
		Usr 0 00:00:00, Sys 0 00:00:00  -  Total Remote Usage
		Usr 0 00:00:00, Sys 0 00:00:00  -  Total Local Usage
	0  -  Run Bytes Sent By Job
	0  -  Run Bytes Received By Job
	0  -  Total Bytes Sent By Job
	0  -  Total Bytes Received By Job
...
000 (1014123.000.000) 04/27 16:38:01 Job submitted from host: <192.168.1.254:35795>
...
013 (1014123.000.000) 04/27 16:38:07 Job was released.
	via condor_release (by user condor)
...
001 (1014123.000.000) 04/27 16:38:27 Job executing on host: <192.168.1.219:42259>
...
Job start: host=twqcd218, JOB_ID=1014123, GPU_ID=0, wdir=/home/cuda2025/B10505047/b10505047_HW2
005 (1014123.000.000) 04/27 16:38:29 Job terminated.
	(1) Normal termination (return value 0)
		Usr 0 00:00:00, Sys 0 00:00:00  -  Run Remote Usage
		Usr 0 00:00:00, Sys 0 00:00:00  -  Run Local Usage
		Usr 0 00:00:00, Sys 0 00:00:00  -  Total Remote Usage
		Usr 0 00:00:00, Sys 0 00:00:00  -  Total Local Usage
	0  -  Run Bytes Sent By Job
	0  -  Run Bytes Received By Job
	0  -  Total Bytes Sent By Job
	0  -  Total Bytes Received By Job
...
000 (1014124.000.000) 04/27 16:41:59 Job submitted from host: <192.168.1.254:35795>
...
013 (1014124.000.000) 04/27 16:42:04 Job was released.
	via condor_release (by user condor)
...
001 (1014124.000.000) 04/27 16:42:25 Job executing on host: <192.168.1.219:42259>
...
Job start: host=twqcd218, JOB_ID=1014124, GPU_ID=0, wdir=/home/cuda2025/B10505047/b10505047_HW2
005 (1014124.000.000) 04/27 16:42:27 Job terminated.
	(1) Normal termination (return value 0)
		Usr 0 00:00:00, Sys 0 00:00:00  -  Run Remote Usage
		Usr 0 00:00:00, Sys 0 00:00:00  -  Run Local Usage
		Usr 0 00:00:00, Sys 0 00:00:00  -  Total Remote Usage
		Usr 0 00:00:00, Sys 0 00:00:00  -  Total Local Usage
	0  -  Run Bytes Sent By Job
	0  -  Run Bytes Received By Job
	0  -  Total Bytes Sent By Job
	0  -  Total Bytes Received By Job
...
000 (1014125.000.000) 04/27 16:43:28 Job submitted from host: <192.168.1.254:35795>
...
013 (1014125.000.000) 04/27 16:43:36 Job was released.
	via condor_release (by user condor)
...
001 (1014125.000.000) 04/27 16:43:50 Job executing on host: <192.168.1.219:42259>
...
Job start: host=twqcd218, JOB_ID=1014125, GPU_ID=0, wdir=/home/cuda2025/B10505047/b10505047_HW2
005 (1014125.000.000) 04/27 16:43:53 Job terminated.
	(1) Normal termination (return value 0)
		Usr 0 00:00:00, Sys 0 00:00:00  -  Run Remote Usage
		Usr 0 00:00:00, Sys 0 00:00:00  -  Run Local Usage
		Usr 0 00:00:00, Sys 0 00:00:00  -  Total Remote Usage
		Usr 0 00:00:00, Sys 0 00:00:00  -  Total Local Usage
	0  -  Run Bytes Sent By Job
	0  -  Run Bytes Received By Job
	0  -  Total Bytes Sent By Job
	0  -  Total Bytes Received By Job
...
000 (1014126.000.000) 04/27 16:45:19 Job submitted from host: <192.168.1.254:35795>
...
013 (1014126.000.000) 04/27 16:45:20 Job was released.
	via condor_release (by user condor)
...
001 (1014126.000.000) 04/27 16:45:45 Job executing on host: <192.168.1.219:42259>
...
Job start: host=twqcd218, JOB_ID=1014126, GPU_ID=0, wdir=/home/cuda2025/B10505047/b10505047_HW2
005 (1014126.000.000) 04/27 16:45:47 Job terminated.
	(1) Normal termination (return value 0)
		Usr 0 00:00:00, Sys 0 00:00:00  -  Run Remote Usage
		Usr 0 00:00:00, Sys 0 00:00:00  -  Run Local Usage
		Usr 0 00:00:00, Sys 0 00:00:00  -  Total Remote Usage
		Usr 0 00:00:00, Sys 0 00:00:00  -  Total Local Usage
	0  -  Run Bytes Sent By Job
	0  -  Run Bytes Received By Job
	0  -  Total Bytes Sent By Job
	0  -  Total Bytes Received By Job
...
000 (1014127.000.000) 04/27 16:47:30 Job submitted from host: <192.168.1.254:35795>
...
013 (1014127.000.000) 04/27 16:47:34 Job was released.
	via condor_release (by user condor)
...
001 (1014127.000.000) 04/27 16:47:39 Job executing on host: <192.168.1.219:42259>
...
Job start: host=twqcd218, JOB_ID=1014127, GPU_ID=0, wdir=/home/cuda2025/B10505047/b10505047_HW2
005 (1014127.000.000) 04/27 16:47:41 Job terminated.
	(1) Normal termination (return value 0)
		Usr 0 00:00:00, Sys 0 00:00:00  -  Run Remote Usage
		Usr 0 00:00:00, Sys 0 00:00:00  -  Run Local Usage
		Usr 0 00:00:00, Sys 0 00:00:00  -  Total Remote Usage
		Usr 0 00:00:00, Sys 0 00:00:00  -  Total Local Usage
	0  -  Run Bytes Sent By Job
	0  -  Run Bytes Received By Job
	0  -  Total Bytes Sent By Job
	0  -  Total Bytes Received By Job
...
000 (1014128.000.000) 04/27 16:51:20 Job submitted from host: <192.168.1.254:35795>
...
013 (1014128.000.000) 04/27 16:51:21 Job was released.
	via condor_release (by user condor)
...
001 (1014128.000.000) 04/27 16:51:27 Job executing on host: <192.168.1.219:42259>
...
Job start: host=twqcd218, JOB_ID=1014128, GPU_ID=0, wdir=/home/cuda2025/B10505047/b10505047_HW2
005 (1014128.000.000) 04/27 16:51:30 Job terminated.
	(1) Normal termination (return value 0)
		Usr 0 00:00:00, Sys 0 00:00:00  -  Run Remote Usage
		Usr 0 00:00:00, Sys 0 00:00:00  -  Run Local Usage
		Usr 0 00:00:00, Sys 0 00:00:00  -  Total Remote Usage
		Usr 0 00:00:00, Sys 0 00:00:00  -  Total Local Usage
	0  -  Run Bytes Sent By Job
	0  -  Run Bytes Received By Job
	0  -  Total Bytes Sent By Job
	0  -  Total Bytes Received By Job
...
000 (1014129.000.000) 04/27 16:53:53 Job submitted from host: <192.168.1.254:35795>
...
013 (1014129.000.000) 04/27 16:53:55 Job was released.
	via condor_release (by user condor)
...
001 (1014129.000.000) 04/27 16:54:19 Job executing on host: <192.168.1.219:42259>
...
Job start: host=twqcd218, JOB_ID=1014129, GPU_ID=0, wdir=/home/cuda2025/B10505047/b10505047_HW2
005 (1014129.000.000) 04/27 16:54:21 Job terminated.
	(1) Normal termination (return value 0)
		Usr 0 00:00:00, Sys 0 00:00:00  -  Run Remote Usage
		Usr 0 00:00:00, Sys 0 00:00:00  -  Run Local Usage
		Usr 0 00:00:00, Sys 0 00:00:00  -  Total Remote Usage
		Usr 0 00:00:00, Sys 0 00:00:00  -  Total Local Usage
	0  -  Run Bytes Sent By Job
	0  -  Run Bytes Received By Job
	0  -  Total Bytes Sent By Job
	0  -  Total Bytes Received By Job
...
000 (1014130.000.000) 04/27 16:55:25 Job submitted from host: <192.168.1.254:35795>
...
013 (1014130.000.000) 04/27 16:55:28 Job was released.
	via condor_release (by user condor)
...
001 (1014130.000.000) 04/27 16:55:44 Job executing on host: <192.168.1.219:42259>
...
Job start: host=twqcd218, JOB_ID=1014130, GPU_ID=0, wdir=/home/cuda2025/B10505047/b10505047_HW2
005 (1014130.000.000) 04/27 16:55:46 Job terminated.
	(1) Normal termination (return value 0)
		Usr 0 00:00:00, Sys 0 00:00:00  -  Run Remote Usage
		Usr 0 00:00:00, Sys 0 00:00:00  -  Run Local Usage
		Usr 0 00:00:00, Sys 0 00:00:00  -  Total Remote Usage
		Usr 0 00:00:00, Sys 0 00:00:00  -  Total Local Usage
	0  -  Run Bytes Sent By Job
	0  -  Run Bytes Received By Job
	0  -  Total Bytes Sent By Job
	0  -  Total Bytes Received By Job
...
000 (1014131.000.000) 04/27 16:59:00 Job submitted from host: <192.168.1.254:35795>
...
013 (1014131.000.000) 04/27 16:59:05 Job was released.
	via condor_release (by user condor)
...
001 (1014131.000.000) 04/27 16:59:12 Job executing on host: <192.168.1.219:42259>
...
Job start: host=twqcd218, JOB_ID=1014131, GPU_ID=0, wdir=/home/cuda2025/B10505047/b10505047_HW2
005 (1014131.000.000) 04/27 16:59:14 Job terminated.
	(1) Normal termination (return value 0)
		Usr 0 00:00:00, Sys 0 00:00:00  -  Run Remote Usage
		Usr 0 00:00:00, Sys 0 00:00:00  -  Run Local Usage
		Usr 0 00:00:00, Sys 0 00:00:00  -  Total Remote Usage
		Usr 0 00:00:00, Sys 0 00:00:00  -  Total Local Usage
	0  -  Run Bytes Sent By Job
	0  -  Run Bytes Received By Job
	0  -  Total Bytes Sent By Job
	0  -  Total Bytes Received By Job
...
000 (1014132.000.000) 04/27 17:00:22 Job submitted from host: <192.168.1.254:35795>
...
013 (1014132.000.000) 04/27 17:00:27 Job was released.
	via condor_release (by user condor)
...
001 (1014132.000.000) 04/27 17:00:47 Job executing on host: <192.168.1.219:42259>
...
Job start: host=twqcd218, JOB_ID=1014132, GPU_ID=0, wdir=/home/cuda2025/B10505047/b10505047_HW2
005 (1014132.000.000) 04/27 17:00:50 Job terminated.
	(1) Normal termination (return value 0)
		Usr 0 00:00:00, Sys 0 00:00:00  -  Run Remote Usage
		Usr 0 00:00:00, Sys 0 00:00:00  -  Run Local Usage
		Usr 0 00:00:00, Sys 0 00:00:00  -  Total Remote Usage
		Usr 0 00:00:00, Sys 0 00:00:00  -  Total Local Usage
	0  -  Run Bytes Sent By Job
	0  -  Run Bytes Received By Job
	0  -  Total Bytes Sent By Job
	0  -  Total Bytes Received By Job
...
000 (1014133.000.000) 04/27 17:02:50 Job submitted from host: <192.168.1.254:35795>
...
013 (1014133.000.000) 04/27 17:02:52 Job was released.
	via condor_release (by user condor)
...
001 (1014133.000.000) 04/27 17:03:14 Job executing on host: <192.168.1.219:42259>
...
Job start: host=twqcd218, JOB_ID=1014133, GPU_ID=0, wdir=/home/cuda2025/B10505047/b10505047_HW2
005 (1014133.000.000) 04/27 17:03:16 Job terminated.
	(1) Normal termination (return value 0)
		Usr 0 00:00:00, Sys 0 00:00:00  -  Run Remote Usage
		Usr 0 00:00:00, Sys 0 00:00:00  -  Run Local Usage
		Usr 0 00:00:00, Sys 0 00:00:00  -  Total Remote Usage
		Usr 0 00:00:00, Sys 0 00:00:00  -  Total Local Usage
	0  -  Run Bytes Sent By Job
	0  -  Run Bytes Received By Job
	0  -  Total Bytes Sent By Job
	0  -  Total Bytes Received By Job
...
000 (1014134.000.000) 04/27 17:04:10 Job submitted from host: <192.168.1.254:35795>
...
013 (1014134.000.000) 04/27 17:04:14 Job was released.
	via condor_release (by user condor)
...
001 (1014134.000.000) 04/27 17:04:35 Job executing on host: <192.168.1.219:42259>
...
Job start: host=twqcd218, JOB_ID=1014134, GPU_ID=0, wdir=/home/cuda2025/B10505047/b10505047_HW2
005 (1014134.000.000) 04/27 17:04:38 Job terminated.
	(1) Normal termination (return value 0)
		Usr 0 00:00:00, Sys 0 00:00:00  -  Run Remote Usage
		Usr 0 00:00:00, Sys 0 00:00:00  -  Run Local Usage
		Usr 0 00:00:00, Sys 0 00:00:00  -  Total Remote Usage
		Usr 0 00:00:00, Sys 0 00:00:00  -  Total Local Usage
	0  -  Run Bytes Sent By Job
	0  -  Run Bytes Received By Job
	0  -  Total Bytes Sent By Job
	0  -  Total Bytes Received By Job
...
000 (1014135.000.000) 04/27 17:06:13 Job submitted from host: <192.168.1.254:35795>
...
013 (1014135.000.000) 04/27 17:06:18 Job was released.
	via condor_release (by user condor)
...
001 (1014135.000.000) 04/27 17:06:38 Job executing on host: <192.168.1.219:42259>
...
Job start: host=twqcd218, JOB_ID=1014135, GPU_ID=0, wdir=/home/cuda2025/B10505047/b10505047_HW2
005 (1014135.000.000) 04/27 17:06:40 Job terminated.
	(1) Normal termination (return value 0)
		Usr 0 00:00:00, Sys 0 00:00:00  -  Run Remote Usage
		Usr 0 00:00:00, Sys 0 00:00:00  -  Run Local Usage
		Usr 0 00:00:00, Sys 0 00:00:00  -  Total Remote Usage
		Usr 0 00:00:00, Sys 0 00:00:00  -  Total Local Usage
	0  -  Run Bytes Sent By Job
	0  -  Run Bytes Received By Job
	0  -  Total Bytes Sent By Job
	0  -  Total Bytes Received By Job
...
000 (1014136.000.000) 04/27 17:07:47 Job submitted from host: <192.168.1.254:35795>
...
013 (1014136.000.000) 04/27 17:07:51 Job was released.
	via condor_release (by user condor)
...
001 (1014136.000.000) 04/27 17:08:02 Job executing on host: <192.168.1.219:42259>
...
Job start: host=twqcd218, JOB_ID=1014136, GPU_ID=0, wdir=/home/cuda2025/B10505047/b10505047_HW2
005 (1014136.000.000) 04/27 17:08:05 Job terminated.
	(1) Normal termination (return value 0)
		Usr 0 00:00:00, Sys 0 00:00:00  -  Run Remote Usage
		Usr 0 00:00:00, Sys 0 00:00:00  -  Run Local Usage
		Usr 0 00:00:00, Sys 0 00:00:00  -  Total Remote Usage
		Usr 0 00:00:00, Sys 0 00:00:00  -  Total Local Usage
	0  -  Run Bytes Sent By Job
	0  -  Run Bytes Received By Job
	0  -  Total Bytes Sent By Job
	0  -  Total Bytes Received By Job
...
000 (1014137.000.000) 04/27 17:11:24 Job submitted from host: <192.168.1.254:35795>
...
013 (1014137.000.000) 04/27 17:11:27 Job was released.
	via condor_release (by user condor)
...
001 (1014137.000.000) 04/27 17:11:52 Job executing on host: <192.168.1.219:42259>
...
Job start: host=twqcd218, JOB_ID=1014137, GPU_ID=0, wdir=/home/cuda2025/B10505047/b10505047_HW2
005 (1014137.000.000) 04/27 17:11:55 Job terminated.
	(1) Normal termination (return value 0)
		Usr 0 00:00:00, Sys 0 00:00:00  -  Run Remote Usage
		Usr 0 00:00:00, Sys 0 00:00:00  -  Run Local Usage
		Usr 0 00:00:00, Sys 0 00:00:00  -  Total Remote Usage
		Usr 0 00:00:00, Sys 0 00:00:00  -  Total Local Usage
	0  -  Run Bytes Sent By Job
	0  -  Run Bytes Received By Job
	0  -  Total Bytes Sent By Job
	0  -  Total Bytes Received By Job
...
000 (1014138.000.000) 04/27 17:12:30 Job submitted from host: <192.168.1.254:35795>
...
013 (1014138.000.000) 04/27 17:12:40 Job was released.
	via condor_release (by user condor)
...
001 (1014138.000.000) 04/27 17:12:54 Job executing on host: <192.168.1.219:42259>
...
Job start: host=twqcd218, JOB_ID=1014138, GPU_ID=0, wdir=/home/cuda2025/B10505047/b10505047_HW2
005 (1014138.000.000) 04/27 17:12:57 Job terminated.
	(1) Normal termination (return value 0)
		Usr 0 00:00:00, Sys 0 00:00:00  -  Run Remote Usage
		Usr 0 00:00:00, Sys 0 00:00:00  -  Run Local Usage
		Usr 0 00:00:00, Sys 0 00:00:00  -  Total Remote Usage
		Usr 0 00:00:00, Sys 0 00:00:00  -  Total Local Usage
	0  -  Run Bytes Sent By Job
	0  -  Run Bytes Received By Job
	0  -  Total Bytes Sent By Job
	0  -  Total Bytes Received By Job
...
000 (1014139.000.000) 04/27 17:14:07 Job submitted from host: <192.168.1.254:35795>
...
013 (1014139.000.000) 04/27 17:14:12 Job was released.
	via condor_release (by user condor)
...
001 (1014139.000.000) 04/27 17:14:19 Job executing on host: <192.168.1.219:42259>
...
Job start: host=twqcd218, JOB_ID=1014139, GPU_ID=0, wdir=/home/cuda2025/B10505047/b10505047_HW2
005 (1014139.000.000) 04/27 17:14:21 Job terminated.
	(1) Normal termination (return value 0)
		Usr 0 00:00:00, Sys 0 00:00:00  -  Run Remote Usage
		Usr 0 00:00:00, Sys 0 00:00:00  -  Run Local Usage
		Usr 0 00:00:00, Sys 0 00:00:00  -  Total Remote Usage
		Usr 0 00:00:00, Sys 0 00:00:00  -  Total Local Usage
	0  -  Run Bytes Sent By Job
	0  -  Run Bytes Received By Job
	0  -  Total Bytes Sent By Job
	0  -  Total Bytes Received By Job
...
000 (1014140.000.000) 04/27 17:15:22 Job submitted from host: <192.168.1.254:35795>
...
013 (1014140.000.000) 04/27 17:15:25 Job was released.
	via condor_release (by user condor)
...
001 (1014140.000.000) 04/27 17:15:47 Job executing on host: <192.168.1.219:42259>
...
Job start: host=twqcd218, JOB_ID=1014140, GPU_ID=0, wdir=/home/cuda2025/B10505047/b10505047_HW2
005 (1014140.000.000) 04/27 17:15:49 Job terminated.
	(1) Normal termination (return value 0)
		Usr 0 00:00:00, Sys 0 00:00:00  -  Run Remote Usage
		Usr 0 00:00:00, Sys 0 00:00:00  -  Run Local Usage
		Usr 0 00:00:00, Sys 0 00:00:00  -  Total Remote Usage
		Usr 0 00:00:00, Sys 0 00:00:00  -  Total Local Usage
	0  -  Run Bytes Sent By Job
	0  -  Run Bytes Received By Job
	0  -  Total Bytes Sent By Job
	0  -  Total Bytes Received By Job
...
000 (1014141.000.000) 04/27 17:16:18 Job submitted from host: <192.168.1.254:35795>
...
013 (1014141.000.000) 04/27 17:16:27 Job was released.
	via condor_release (by user condor)
...
001 (1014141.000.000) 04/27 17:16:48 Job executing on host: <192.168.1.219:42259>
...
Job start: host=twqcd218, JOB_ID=1014141, GPU_ID=0, wdir=/home/cuda2025/B10505047/b10505047_HW2
005 (1014141.000.000) 04/27 17:16:50 Job terminated.
	(1) Normal termination (return value 0)
		Usr 0 00:00:00, Sys 0 00:00:00  -  Run Remote Usage
		Usr 0 00:00:00, Sys 0 00:00:00  -  Run Local Usage
		Usr 0 00:00:00, Sys 0 00:00:00  -  Total Remote Usage
		Usr 0 00:00:00, Sys 0 00:00:00  -  Total Local Usage
	0  -  Run Bytes Sent By Job
	0  -  Run Bytes Received By Job
	0  -  Total Bytes Sent By Job
	0  -  Total Bytes Received By Job
...
000 (1014142.000.000) 04/27 17:18:22 Job submitted from host: <192.168.1.254:35795>
...
013 (1014142.000.000) 04/27 17:18:31 Job was released.
	via condor_release (by user condor)
...
001 (1014142.000.000) 04/27 17:18:49 Job executing on host: <192.168.1.219:42259>
...
Job start: host=twqcd218, JOB_ID=1014142, GPU_ID=0, wdir=/home/cuda2025/B10505047/b10505047_HW2
005 (1014142.000.000) 04/27 17:18:52 Job terminated.
	(1) Normal termination (return value 0)
		Usr 0 00:00:00, Sys 0 00:00:00  -  Run Remote Usage
		Usr 0 00:00:00, Sys 0 00:00:00  -  Run Local Usage
		Usr 0 00:00:00, Sys 0 00:00:00  -  Total Remote Usage
		Usr 0 00:00:00, Sys 0 00:00:00  -  Total Local Usage
	0  -  Run Bytes Sent By Job
	0  -  Run Bytes Received By Job
	0  -  Total Bytes Sent By Job
	0  -  Total Bytes Received By Job
...
000 (1014143.000.000) 04/27 17:19:17 Job submitted from host: <192.168.1.254:35795>
...
013 (1014143.000.000) 04/27 17:19:22 Job was released.
	via condor_release (by user condor)
...
001 (1014143.000.000) 04/27 17:19:42 Job executing on host: <192.168.1.219:42259>
...
Job start: host=twqcd218, JOB_ID=1014143, GPU_ID=0, wdir=/home/cuda2025/B10505047/b10505047_HW2
005 (1014143.000.000) 04/27 17:19:44 Job terminated.
	(1) Normal termination (return value 0)
		Usr 0 00:00:00, Sys 0 00:00:00  -  Run Remote Usage
		Usr 0 00:00:00, Sys 0 00:00:00  -  Run Local Usage
		Usr 0 00:00:00, Sys 0 00:00:00  -  Total Remote Usage
		Usr 0 00:00:00, Sys 0 00:00:00  -  Total Local Usage
	0  -  Run Bytes Sent By Job
	0  -  Run Bytes Received By Job
	0  -  Total Bytes Sent By Job
	0  -  Total Bytes Received By Job
...
000 (1014144.000.000) 04/27 17:20:59 Job submitted from host: <192.168.1.254:35795>
...
013 (1014144.000.000) 04/27 17:21:05 Job was released.
	via condor_release (by user condor)
...
001 (1014144.000.000) 04/27 17:21:28 Job executing on host: <192.168.1.219:42259>
...
Job start: host=twqcd218, JOB_ID=1014144, GPU_ID=0, wdir=/home/cuda2025/B10505047/b10505047_HW2
005 (1014144.000.000) 04/27 17:21:31 Job terminated.
	(1) Normal termination (return value 0)
		Usr 0 00:00:00, Sys 0 00:00:00  -  Run Remote Usage
		Usr 0 00:00:00, Sys 0 00:00:00  -  Run Local Usage
		Usr 0 00:00:00, Sys 0 00:00:00  -  Total Remote Usage
		Usr 0 00:00:00, Sys 0 00:00:00  -  Total Local Usage
	0  -  Run Bytes Sent By Job
	0  -  Run Bytes Received By Job
	0  -  Total Bytes Sent By Job
	0  -  Total Bytes Received By Job
...
000 (1014145.000.000) 04/27 17:21:45 Job submitted from host: <192.168.1.254:35795>
...
013 (1014145.000.000) 04/27 17:21:47 Job was released.
	via condor_release (by user condor)
...
001 (1014145.000.000) 04/27 17:22:14 Job executing on host: <192.168.1.219:42259>
...
Job start: host=twqcd218, JOB_ID=1014145, GPU_ID=0, wdir=/home/cuda2025/B10505047/b10505047_HW2
005 (1014145.000.000) 04/27 17:22:16 Job terminated.
	(1) Normal termination (return value 0)
		Usr 0 00:00:00, Sys 0 00:00:00  -  Run Remote Usage
		Usr 0 00:00:00, Sys 0 00:00:00  -  Run Local Usage
		Usr 0 00:00:00, Sys 0 00:00:00  -  Total Remote Usage
		Usr 0 00:00:00, Sys 0 00:00:00  -  Total Local Usage
	0  -  Run Bytes Sent By Job
	0  -  Run Bytes Received By Job
	0  -  Total Bytes Sent By Job
	0  -  Total Bytes Received By Job
...
000 (1014146.000.000) 04/27 17:22:43 Job submitted from host: <192.168.1.254:35795>
...
013 (1014146.000.000) 04/27 17:22:49 Job was released.
	via condor_release (by user condor)
...
001 (1014146.000.000) 04/27 17:22:58 Job executing on host: <192.168.1.219:42259>
...
Job start: host=twqcd218, JOB_ID=1014146, GPU_ID=0, wdir=/home/cuda2025/B10505047/b10505047_HW2
005 (1014146.000.000) 04/27 17:23:01 Job terminated.
	(1) Normal termination (return value 0)
		Usr 0 00:00:00, Sys 0 00:00:00  -  Run Remote Usage
		Usr 0 00:00:00, Sys 0 00:00:00  -  Run Local Usage
		Usr 0 00:00:00, Sys 0 00:00:00  -  Total Remote Usage
		Usr 0 00:00:00, Sys 0 00:00:00  -  Total Local Usage
	0  -  Run Bytes Sent By Job
	0  -  Run Bytes Received By Job
	0  -  Total Bytes Sent By Job
	0  -  Total Bytes Received By Job
...
000 (1014147.000.000) 04/27 17:24:15 Job submitted from host: <192.168.1.254:35795>
...
013 (1014147.000.000) 04/27 17:24:22 Job was released.
	via condor_release (by user condor)
...
001 (1014147.000.000) 04/27 17:24:44 Job executing on host: <192.168.1.219:42259>
...
Job start: host=twqcd218, JOB_ID=1014147, GPU_ID=0, wdir=/home/cuda2025/B10505047/b10505047_HW2
005 (1014147.000.000) 04/27 17:24:46 Job terminated.
	(1) Normal termination (return value 0)
		Usr 0 00:00:00, Sys 0 00:00:00  -  Run Remote Usage
		Usr 0 00:00:00, Sys 0 00:00:00  -  Run Local Usage
		Usr 0 00:00:00, Sys 0 00:00:00  -  Total Remote Usage
		Usr 0 00:00:00, Sys 0 00:00:00  -  Total Local Usage
	0  -  Run Bytes Sent By Job
	0  -  Run Bytes Received By Job
	0  -  Total Bytes Sent By Job
	0  -  Total Bytes Received By Job
...
000 (1014148.000.000) 04/27 17:25:35 Job submitted from host: <192.168.1.254:35795>
...
013 (1014148.000.000) 04/27 17:25:44 Job was released.
	via condor_release (by user condor)
...
001 (1014148.000.000) 04/27 17:26:04 Job executing on host: <192.168.1.219:42259>
...
Job start: host=twqcd218, JOB_ID=1014148, GPU_ID=0, wdir=/home/cuda2025/B10505047/b10505047_HW2
005 (1014148.000.000) 04/27 17:26:06 Job terminated.
	(1) Normal termination (return value 0)
		Usr 0 00:00:00, Sys 0 00:00:00  -  Run Remote Usage
		Usr 0 00:00:00, Sys 0 00:00:00  -  Run Local Usage
		Usr 0 00:00:00, Sys 0 00:00:00  -  Total Remote Usage
		Usr 0 00:00:00, Sys 0 00:00:00  -  Total Local Usage
	0  -  Run Bytes Sent By Job
	0  -  Run Bytes Received By Job
	0  -  Total Bytes Sent By Job
	0  -  Total Bytes Received By Job
...
000 (1014149.000.000) 04/27 17:26:30 Job submitted from host: <192.168.1.254:35795>
...
013 (1014149.000.000) 04/27 17:26:36 Job was released.
	via condor_release (by user condor)
...
001 (1014149.000.000) 04/27 17:26:55 Job executing on host: <192.168.1.219:42259>
...
Job start: host=twqcd218, JOB_ID=1014149, GPU_ID=0, wdir=/home/cuda2025/B10505047/b10505047_HW2
005 (1014149.000.000) 04/27 17:26:57 Job terminated.
	(1) Normal termination (return value 0)
		Usr 0 00:00:00, Sys 0 00:00:00  -  Run Remote Usage
		Usr 0 00:00:00, Sys 0 00:00:00  -  Run Local Usage
		Usr 0 00:00:00, Sys 0 00:00:00  -  Total Remote Usage
		Usr 0 00:00:00, Sys 0 00:00:00  -  Total Local Usage
	0  -  Run Bytes Sent By Job
	0  -  Run Bytes Received By Job
	0  -  Total Bytes Sent By Job
	0  -  Total Bytes Received By Job
...
000 (1014150.000.000) 04/27 17:27:21 Job submitted from host: <192.168.1.254:35795>
...
013 (1014150.000.000) 04/27 17:27:28 Job was released.
	via condor_release (by user condor)
...
001 (1014150.000.000) 04/27 17:27:38 Job executing on host: <192.168.1.219:42259>
...
Job start: host=twqcd218, JOB_ID=1014150, GPU_ID=0, wdir=/home/cuda2025/B10505047/b10505047_HW2
005 (1014150.000.000) 04/27 17:27:41 Job terminated.
	(1) Normal termination (return value 0)
		Usr 0 00:00:00, Sys 0 00:00:00  -  Run Remote Usage
		Usr 0 00:00:00, Sys 0 00:00:00  -  Run Local Usage
		Usr 0 00:00:00, Sys 0 00:00:00  -  Total Remote Usage
		Usr 0 00:00:00, Sys 0 00:00:00  -  Total Local Usage
	0  -  Run Bytes Sent By Job
	0  -  Run Bytes Received By Job
	0  -  Total Bytes Sent By Job
	0  -  Total Bytes Received By Job
...
000 (1014151.000.000) 04/27 17:28:47 Job submitted from host: <192.168.1.254:35795>
...
013 (1014151.000.000) 04/27 17:28:50 Job was released.
	via condor_release (by user condor)
...
001 (1014151.000.000) 04/27 17:29:04 Job executing on host: <192.168.1.219:42259>
...
Job start: host=twqcd218, JOB_ID=1014151, GPU_ID=0, wdir=/home/cuda2025/B10505047/b10505047_HW2
005 (1014151.000.000) 04/27 17:29:06 Job terminated.
	(1) Normal termination (return value 0)
		Usr 0 00:00:00, Sys 0 00:00:00  -  Run Remote Usage
		Usr 0 00:00:00, Sys 0 00:00:00  -  Run Local Usage
		Usr 0 00:00:00, Sys 0 00:00:00  -  Total Remote Usage
		Usr 0 00:00:00, Sys 0 00:00:00  -  Total Local Usage
	0  -  Run Bytes Sent By Job
	0  -  Run Bytes Received By Job
	0  -  Total Bytes Sent By Job
	0  -  Total Bytes Received By Job
...
000 (1014152.000.000) 04/27 17:29:41 Job submitted from host: <192.168.1.254:35795>
...
013 (1014152.000.000) 04/27 17:29:42 Job was released.
	via condor_release (by user condor)
...
001 (1014152.000.000) 04/27 17:29:47 Job executing on host: <192.168.1.219:42259>
...
Job start: host=twqcd218, JOB_ID=1014152, GPU_ID=0, wdir=/home/cuda2025/B10505047/b10505047_HW2
005 (1014152.000.000) 04/27 17:29:50 Job terminated.
	(1) Normal termination (return value 0)
		Usr 0 00:00:00, Sys 0 00:00:00  -  Run Remote Usage
		Usr 0 00:00:00, Sys 0 00:00:00  -  Run Local Usage
		Usr 0 00:00:00, Sys 0 00:00:00  -  Total Remote Usage
		Usr 0 00:00:00, Sys 0 00:00:00  -  Total Local Usage
	0  -  Run Bytes Sent By Job
	0  -  Run Bytes Received By Job
	0  -  Total Bytes Sent By Job
	0  -  Total Bytes Received By Job
...
000 (1014153.000.000) 04/27 17:31:07 Job submitted from host: <192.168.1.254:35795>
...
013 (1014153.000.000) 04/27 17:31:15 Job was released.
	via condor_release (by user condor)
...
001 (1014153.000.000) 04/27 17:31:34 Job executing on host: <192.168.1.219:42259>
...
Job start: host=twqcd218, JOB_ID=1014153, GPU_ID=0, wdir=/home/cuda2025/B10505047/b10505047_HW2
005 (1014153.000.000) 04/27 17:31:36 Job terminated.
	(1) Normal termination (return value 0)
		Usr 0 00:00:00, Sys 0 00:00:00  -  Run Remote Usage
		Usr 0 00:00:00, Sys 0 00:00:00  -  Run Local Usage
		Usr 0 00:00:00, Sys 0 00:00:00  -  Total Remote Usage
		Usr 0 00:00:00, Sys 0 00:00:00  -  Total Local Usage
	0  -  Run Bytes Sent By Job
	0  -  Run Bytes Received By Job
	0  -  Total Bytes Sent By Job
	0  -  Total Bytes Received By Job
...
000 (1014154.000.000) 04/27 17:32:24 Job submitted from host: <192.168.1.254:35795>
...
013 (1014154.000.000) 04/27 17:32:27 Job was released.
	via condor_release (by user condor)
...
001 (1014154.000.000) 04/27 17:32:49 Job executing on host: <192.168.1.219:42259>
...
Job start: host=twqcd218, JOB_ID=1014154, GPU_ID=0, wdir=/home/cuda2025/B10505047/b10505047_HW2
005 (1014154.000.000) 04/27 17:32:51 Job terminated.
	(1) Normal termination (return value 0)
		Usr 0 00:00:00, Sys 0 00:00:00  -  Run Remote Usage
		Usr 0 00:00:00, Sys 0 00:00:00  -  Run Local Usage
		Usr 0 00:00:00, Sys 0 00:00:00  -  Total Remote Usage
		Usr 0 00:00:00, Sys 0 00:00:00  -  Total Local Usage
	0  -  Run Bytes Sent By Job
	0  -  Run Bytes Received By Job
	0  -  Total Bytes Sent By Job
	0  -  Total Bytes Received By Job
...
000 (1014155.000.000) 04/27 17:33:26 Job submitted from host: <192.168.1.254:35795>
...
013 (1014155.000.000) 04/27 17:33:29 Job was released.
	via condor_release (by user condor)
...
001 (1014155.000.000) 04/27 17:33:51 Job executing on host: <192.168.1.219:42259>
...
Job start: host=twqcd218, JOB_ID=1014155, GPU_ID=0, wdir=/home/cuda2025/B10505047/b10505047_HW2
005 (1014155.000.000) 04/27 17:33:53 Job terminated.
	(1) Normal termination (return value 0)
		Usr 0 00:00:00, Sys 0 00:00:00  -  Run Remote Usage
		Usr 0 00:00:00, Sys 0 00:00:00  -  Run Local Usage
		Usr 0 00:00:00, Sys 0 00:00:00  -  Total Remote Usage
		Usr 0 00:00:00, Sys 0 00:00:00  -  Total Local Usage
	0  -  Run Bytes Sent By Job
	0  -  Run Bytes Received By Job
	0  -  Total Bytes Sent By Job
	0  -  Total Bytes Received By Job
...
000 (1014156.000.000) 04/27 17:34:54 Job submitted from host: <192.168.1.254:35795>
...
013 (1014156.000.000) 04/27 17:35:02 Job was released.
	via condor_release (by user condor)
...
001 (1014156.000.000) 04/27 17:35:14 Job executing on host: <192.168.1.219:42259>
...
Job start: host=twqcd218, JOB_ID=1014156, GPU_ID=0, wdir=/home/cuda2025/B10505047/b10505047_HW2
005 (1014156.000.000) 04/27 17:35:17 Job terminated.
	(1) Normal termination (return value 0)
		Usr 0 00:00:00, Sys 0 00:00:00  -  Run Remote Usage
		Usr 0 00:00:00, Sys 0 00:00:00  -  Run Local Usage
		Usr 0 00:00:00, Sys 0 00:00:00  -  Total Remote Usage
		Usr 0 00:00:00, Sys 0 00:00:00  -  Total Local Usage
	0  -  Run Bytes Sent By Job
	0  -  Run Bytes Received By Job
	0  -  Total Bytes Sent By Job
	0  -  Total Bytes Received By Job
...
000 (1014157.000.000) 04/27 17:36:17 Job submitted from host: <192.168.1.254:35795>
...
013 (1014157.000.000) 04/27 17:36:25 Job was released.
	via condor_release (by user condor)
...
001 (1014157.000.000) 04/27 17:36:38 Job executing on host: <192.168.1.219:42259>
...
Job start: host=twqcd218, JOB_ID=1014157, GPU_ID=0, wdir=/home/cuda2025/B10505047/b10505047_HW2
005 (1014157.000.000) 04/27 17:36:40 Job terminated.
	(1) Normal termination (return value 0)
		Usr 0 00:00:00, Sys 0 00:00:00  -  Run Remote Usage
		Usr 0 00:00:00, Sys 0 00:00:00  -  Run Local Usage
		Usr 0 00:00:00, Sys 0 00:00:00  -  Total Remote Usage
		Usr 0 00:00:00, Sys 0 00:00:00  -  Total Local Usage
	0  -  Run Bytes Sent By Job
	0  -  Run Bytes Received By Job
	0  -  Total Bytes Sent By Job
	0  -  Total Bytes Received By Job
...
000 (1014158.000.000) 04/27 17:37:06 Job submitted from host: <192.168.1.254:35795>
...
013 (1014158.000.000) 04/27 17:37:16 Job was released.
	via condor_release (by user condor)
...
001 (1014158.000.000) 04/27 17:37:31 Job executing on host: <192.168.1.219:42259>
...
Job start: host=twqcd218, JOB_ID=1014158, GPU_ID=0, wdir=/home/cuda2025/B10505047/b10505047_HW2
005 (1014158.000.000) 04/27 17:37:33 Job terminated.
	(1) Normal termination (return value 0)
		Usr 0 00:00:00, Sys 0 00:00:00  -  Run Remote Usage
		Usr 0 00:00:00, Sys 0 00:00:00  -  Run Local Usage
		Usr 0 00:00:00, Sys 0 00:00:00  -  Total Remote Usage
		Usr 0 00:00:00, Sys 0 00:00:00  -  Total Local Usage
	0  -  Run Bytes Sent By Job
	0  -  Run Bytes Received By Job
	0  -  Total Bytes Sent By Job
	0  -  Total Bytes Received By Job
...
000 (1014159.000.000) 04/27 17:37:53 Job submitted from host: <192.168.1.254:35795>
...
013 (1014159.000.000) 04/27 17:37:58 Job was released.
	via condor_release (by user condor)
...
001 (1014159.000.000) 04/27 17:38:21 Job executing on host: <192.168.1.219:42259>
...
Job start: host=twqcd218, JOB_ID=1014159, GPU_ID=0, wdir=/home/cuda2025/B10505047/b10505047_HW2
005 (1014159.000.000) 04/27 17:38:24 Job terminated.
	(1) Normal termination (return value 0)
		Usr 0 00:00:00, Sys 0 00:00:00  -  Run Remote Usage
		Usr 0 00:00:00, Sys 0 00:00:00  -  Run Local Usage
		Usr 0 00:00:00, Sys 0 00:00:00  -  Total Remote Usage
		Usr 0 00:00:00, Sys 0 00:00:00  -  Total Local Usage
	0  -  Run Bytes Sent By Job
	0  -  Run Bytes Received By Job
	0  -  Total Bytes Sent By Job
	0  -  Total Bytes Received By Job
...
000 (1014160.000.000) 04/27 17:39:05 Job submitted from host: <192.168.1.254:35795>
...
013 (1014160.000.000) 04/27 17:39:10 Job was released.
	via condor_release (by user condor)
...
001 (1014160.000.000) 04/27 17:39:33 Job executing on host: <192.168.1.219:42259>
...
Job start: host=twqcd218, JOB_ID=1014160, GPU_ID=0, wdir=/home/cuda2025/B10505047/b10505047_HW2
005 (1014160.000.000) 04/27 17:39:35 Job terminated.
	(1) Normal termination (return value 0)
		Usr 0 00:00:00, Sys 0 00:00:00  -  Run Remote Usage
		Usr 0 00:00:00, Sys 0 00:00:00  -  Run Local Usage
		Usr 0 00:00:00, Sys 0 00:00:00  -  Total Remote Usage
		Usr 0 00:00:00, Sys 0 00:00:00  -  Total Local Usage
	0  -  Run Bytes Sent By Job
	0  -  Run Bytes Received By Job
	0  -  Total Bytes Sent By Job
	0  -  Total Bytes Received By Job
...
000 (1014161.000.000) 04/27 17:39:50 Job submitted from host: <192.168.1.254:35795>
...
013 (1014161.000.000) 04/27 17:39:51 Job was released.
	via condor_release (by user condor)
...
001 (1014161.000.000) 04/27 17:40:17 Job executing on host: <192.168.1.219:42259>
...
Job start: host=twqcd218, JOB_ID=1014161, GPU_ID=0, wdir=/home/cuda2025/B10505047/b10505047_HW2
005 (1014161.000.000) 04/27 17:40:20 Job terminated.
	(1) Normal termination (return value 0)
		Usr 0 00:00:00, Sys 0 00:00:00  -  Run Remote Usage
		Usr 0 00:00:00, Sys 0 00:00:00  -  Run Local Usage
		Usr 0 00:00:00, Sys 0 00:00:00  -  Total Remote Usage
		Usr 0 00:00:00, Sys 0 00:00:00  -  Total Local Usage
	0  -  Run Bytes Sent By Job
	0  -  Run Bytes Received By Job
	0  -  Total Bytes Sent By Job
	0  -  Total Bytes Received By Job
...
000 (1014162.000.000) 04/27 17:40:56 Job submitted from host: <192.168.1.254:35795>
...
013 (1014162.000.000) 04/27 17:41:04 Job was released.
	via condor_release (by user condor)
...
001 (1014162.000.000) 04/27 17:41:20 Job executing on host: <192.168.1.219:42259>
...
Job start: host=twqcd218, JOB_ID=1014162, GPU_ID=0, wdir=/home/cuda2025/B10505047/b10505047_HW2
005 (1014162.000.000) 04/27 17:41:23 Job terminated.
	(1) Normal termination (return value 0)
		Usr 0 00:00:00, Sys 0 00:00:00  -  Run Remote Usage
		Usr 0 00:00:00, Sys 0 00:00:00  -  Run Local Usage
		Usr 0 00:00:00, Sys 0 00:00:00  -  Total Remote Usage
		Usr 0 00:00:00, Sys 0 00:00:00  -  Total Local Usage
	0  -  Run Bytes Sent By Job
	0  -  Run Bytes Received By Job
	0  -  Total Bytes Sent By Job
	0  -  Total Bytes Received By Job
...
000 (1014163.000.000) 04/27 17:41:50 Job submitted from host: <192.168.1.254:35795>
...
013 (1014163.000.000) 04/27 17:41:55 Job was released.
	via condor_release (by user condor)
...
001 (1014163.000.000) 04/27 17:42:05 Job executing on host: <192.168.1.219:42259>
...
Job start: host=twqcd218, JOB_ID=1014163, GPU_ID=0, wdir=/home/cuda2025/B10505047/b10505047_HW2
005 (1014163.000.000) 04/27 17:42:07 Job terminated.
	(1) Normal termination (return value 0)
		Usr 0 00:00:00, Sys 0 00:00:00  -  Run Remote Usage
		Usr 0 00:00:00, Sys 0 00:00:00  -  Run Local Usage
		Usr 0 00:00:00, Sys 0 00:00:00  -  Total Remote Usage
		Usr 0 00:00:00, Sys 0 00:00:00  -  Total Local Usage
	0  -  Run Bytes Sent By Job
	0  -  Run Bytes Received By Job
	0  -  Total Bytes Sent By Job
	0  -  Total Bytes Received By Job
...
000 (1014164.000.000) 04/27 17:43:37 Job submitted from host: <192.168.1.254:35795>
...
013 (1014164.000.000) 04/27 17:43:38 Job was released.
	via condor_release (by user condor)
...
001 (1014164.000.000) 04/27 17:44:01 Job executing on host: <192.168.1.219:42259>
...
Job start: host=twqcd218, JOB_ID=1014164, GPU_ID=0, wdir=/home/cuda2025/B10505047/b10505047_HW2
005 (1014164.000.000) 04/27 17:44:04 Job terminated.
	(1) Normal termination (return value 0)
		Usr 0 00:00:00, Sys 0 00:00:00  -  Run Remote Usage
		Usr 0 00:00:00, Sys 0 00:00:00  -  Run Local Usage
		Usr 0 00:00:00, Sys 0 00:00:00  -  Total Remote Usage
		Usr 0 00:00:00, Sys 0 00:00:00  -  Total Local Usage
	0  -  Run Bytes Sent By Job
	0  -  Run Bytes Received By Job
	0  -  Total Bytes Sent By Job
	0  -  Total Bytes Received By Job
...
000 (1014165.000.000) 04/27 17:44:32 Job submitted from host: <192.168.1.254:35795>
...
013 (1014165.000.000) 04/27 17:44:40 Job was released.
	via condor_release (by user condor)
...
001 (1014165.000.000) 04/27 17:45:01 Job executing on host: <192.168.1.219:42259>
...
Job start: host=twqcd218, JOB_ID=1014165, GPU_ID=0, wdir=/home/cuda2025/B10505047/b10505047_HW2
005 (1014165.000.000) 04/27 17:45:04 Job terminated.
	(1) Normal termination (return value 0)
		Usr 0 00:00:00, Sys 0 00:00:00  -  Run Remote Usage
		Usr 0 00:00:00, Sys 0 00:00:00  -  Run Local Usage
		Usr 0 00:00:00, Sys 0 00:00:00  -  Total Remote Usage
		Usr 0 00:00:00, Sys 0 00:00:00  -  Total Local Usage
	0  -  Run Bytes Sent By Job
	0  -  Run Bytes Received By Job
	0  -  Total Bytes Sent By Job
	0  -  Total Bytes Received By Job
...
000 (1014166.000.000) 04/27 17:45:31 Job submitted from host: <192.168.1.254:35795>
...
013 (1014166.000.000) 04/27 17:45:32 Job was released.
	via condor_release (by user condor)
...
001 (1014166.000.000) 04/27 17:45:39 Job executing on host: <192.168.1.219:42259>
...
Job start: host=twqcd218, JOB_ID=1014166, GPU_ID=0, wdir=/home/cuda2025/B10505047/b10505047_HW2
005 (1014166.000.000) 04/27 17:45:41 Job terminated.
	(1) Normal termination (return value 0)
		Usr 0 00:00:00, Sys 0 00:00:00  -  Run Remote Usage
		Usr 0 00:00:00, Sys 0 00:00:00  -  Run Local Usage
		Usr 0 00:00:00, Sys 0 00:00:00  -  Total Remote Usage
		Usr 0 00:00:00, Sys 0 00:00:00  -  Total Local Usage
	0  -  Run Bytes Sent By Job
	0  -  Run Bytes Received By Job
	0  -  Total Bytes Sent By Job
	0  -  Total Bytes Received By Job
...
000 (1014167.000.000) 04/27 17:46:56 Job submitted from host: <192.168.1.254:35795>
...
013 (1014167.000.000) 04/27 17:47:05 Job was released.
	via condor_release (by user condor)
...
001 (1014167.000.000) 04/27 17:47:26 Job executing on host: <192.168.1.219:42259>
...
Job start: host=twqcd218, JOB_ID=1014167, GPU_ID=0, wdir=/home/cuda2025/B10505047/b10505047_HW2
005 (1014167.000.000) 04/27 17:47:28 Job terminated.
	(1) Normal termination (return value 0)
		Usr 0 00:00:00, Sys 0 00:00:00  -  Run Remote Usage
		Usr 0 00:00:00, Sys 0 00:00:00  -  Run Local Usage
		Usr 0 00:00:00, Sys 0 00:00:00  -  Total Remote Usage
		Usr 0 00:00:00, Sys 0 00:00:00  -  Total Local Usage
	0  -  Run Bytes Sent By Job
	0  -  Run Bytes Received By Job
	0  -  Total Bytes Sent By Job
	0  -  Total Bytes Received By Job
...
000 (1014168.000.000) 04/27 17:48:37 Job submitted from host: <192.168.1.254:35795>
...
013 (1014168.000.000) 04/27 17:48:38 Job was released.
	via condor_release (by user condor)
...
001 (1014168.000.000) 04/27 17:48:51 Job executing on host: <192.168.1.219:42259>
...
Job start: host=twqcd218, JOB_ID=1014168, GPU_ID=0, wdir=/home/cuda2025/B10505047/b10505047_HW2
005 (1014168.000.000) 04/27 17:48:54 Job terminated.
	(1) Normal termination (return value 0)
		Usr 0 00:00:00, Sys 0 00:00:00  -  Run Remote Usage
		Usr 0 00:00:00, Sys 0 00:00:00  -  Run Local Usage
		Usr 0 00:00:00, Sys 0 00:00:00  -  Total Remote Usage
		Usr 0 00:00:00, Sys 0 00:00:00  -  Total Local Usage
	0  -  Run Bytes Sent By Job
	0  -  Run Bytes Received By Job
	0  -  Total Bytes Sent By Job
	0  -  Total Bytes Received By Job
...
000 (1014169.000.000) 04/27 17:49:34 Job submitted from host: <192.168.1.254:35795>
...
013 (1014169.000.000) 04/27 17:49:40 Job was released.
	via condor_release (by user condor)
...
001 (1014169.000.000) 04/27 17:50:04 Job executing on host: <192.168.1.219:42259>
...
Job start: host=twqcd218, JOB_ID=1014169, GPU_ID=0, wdir=/home/cuda2025/B10505047/b10505047_HW2
005 (1014169.000.000) 04/27 17:50:06 Job terminated.
	(1) Normal termination (return value 0)
		Usr 0 00:00:01, Sys 0 00:00:00  -  Run Remote Usage
		Usr 0 00:00:00, Sys 0 00:00:00  -  Run Local Usage
		Usr 0 00:00:01, Sys 0 00:00:00  -  Total Remote Usage
		Usr 0 00:00:00, Sys 0 00:00:00  -  Total Local Usage
	0  -  Run Bytes Sent By Job
	0  -  Run Bytes Received By Job
	0  -  Total Bytes Sent By Job
	0  -  Total Bytes Received By Job
...
000 (1014170.000.000) 04/27 17:50:34 Job submitted from host: <192.168.1.254:35795>
...
013 (1014170.000.000) 04/27 17:50:42 Job was released.
	via condor_release (by user condor)
...
001 (1014170.000.000) 04/27 17:50:59 Job executing on host: <192.168.1.219:42259>
...
Job start: host=twqcd218, JOB_ID=1014170, GPU_ID=0, wdir=/home/cuda2025/B10505047/b10505047_HW2
005 (1014170.000.000) 04/27 17:51:01 Job terminated.
	(1) Normal termination (return value 0)
		Usr 0 00:00:00, Sys 0 00:00:00  -  Run Remote Usage
		Usr 0 00:00:00, Sys 0 00:00:00  -  Run Local Usage
		Usr 0 00:00:00, Sys 0 00:00:00  -  Total Remote Usage
		Usr 0 00:00:00, Sys 0 00:00:00  -  Total Local Usage
	0  -  Run Bytes Sent By Job
	0  -  Run Bytes Received By Job
	0  -  Total Bytes Sent By Job
	0  -  Total Bytes Received By Job
...
000 (1014171.000.000) 04/27 17:52:46 Job submitted from host: <192.168.1.254:35795>
...
013 (1014171.000.000) 04/27 17:52:56 Job was released.
	via condor_release (by user condor)
...
001 (1014171.000.000) 04/27 17:53:10 Job executing on host: <192.168.1.219:42259>
...
Job start: host=twqcd218, JOB_ID=1014171, GPU_ID=0, wdir=/home/cuda2025/B10505047/b10505047_HW2
005 (1014171.000.000) 04/27 17:53:13 Job terminated.
	(1) Normal termination (return value 0)
		Usr 0 00:00:00, Sys 0 00:00:00  -  Run Remote Usage
		Usr 0 00:00:00, Sys 0 00:00:00  -  Run Local Usage
		Usr 0 00:00:00, Sys 0 00:00:00  -  Total Remote Usage
		Usr 0 00:00:00, Sys 0 00:00:00  -  Total Local Usage
	0  -  Run Bytes Sent By Job
	0  -  Run Bytes Received By Job
	0  -  Total Bytes Sent By Job
	0  -  Total Bytes Received By Job
...
000 (1014172.000.000) 04/27 17:54:43 Job submitted from host: <192.168.1.254:35795>
...
013 (1014172.000.000) 04/27 17:54:49 Job was released.
	via condor_release (by user condor)
...
001 (1014172.000.000) 04/27 17:55:08 Job executing on host: <192.168.1.219:42259>
...
Job start: host=twqcd218, JOB_ID=1014172, GPU_ID=0, wdir=/home/cuda2025/B10505047/b10505047_HW2
005 (1014172.000.000) 04/27 17:55:10 Job terminated.
	(1) Normal termination (return value 0)
		Usr 0 00:00:00, Sys 0 00:00:00  -  Run Remote Usage
		Usr 0 00:00:00, Sys 0 00:00:00  -  Run Local Usage
		Usr 0 00:00:00, Sys 0 00:00:00  -  Total Remote Usage
		Usr 0 00:00:00, Sys 0 00:00:00  -  Total Local Usage
	0  -  Run Bytes Sent By Job
	0  -  Run Bytes Received By Job
	0  -  Total Bytes Sent By Job
	0  -  Total Bytes Received By Job
...
000 (1014173.000.000) 04/27 17:56:00 Job submitted from host: <192.168.1.254:35795>
...
013 (1014173.000.000) 04/27 17:56:02 Job was released.
	via condor_release (by user condor)
...
001 (1014173.000.000) 04/27 17:56:25 Job executing on host: <192.168.1.219:42259>
...
Job start: host=twqcd218, JOB_ID=1014173, GPU_ID=0, wdir=/home/cuda2025/B10505047/b10505047_HW2
005 (1014173.000.000) 04/27 17:56:27 Job terminated.
	(1) Normal termination (return value 0)
		Usr 0 00:00:00, Sys 0 00:00:00  -  Run Remote Usage
		Usr 0 00:00:00, Sys 0 00:00:00  -  Run Local Usage
		Usr 0 00:00:00, Sys 0 00:00:00  -  Total Remote Usage
		Usr 0 00:00:00, Sys 0 00:00:00  -  Total Local Usage
	0  -  Run Bytes Sent By Job
	0  -  Run Bytes Received By Job
	0  -  Total Bytes Sent By Job
	0  -  Total Bytes Received By Job
...
000 (1014174.000.000) 04/27 17:57:23 Job submitted from host: <192.168.1.254:35795>
...
013 (1014174.000.000) 04/27 17:57:24 Job was released.
	via condor_release (by user condor)
...
001 (1014174.000.000) 04/27 17:57:48 Job executing on host: <192.168.1.219:42259>
...
Job start: host=twqcd218, JOB_ID=1014174, GPU_ID=0, wdir=/home/cuda2025/B10505047/b10505047_HW2
005 (1014174.000.000) 04/27 17:57:50 Job terminated.
	(1) Normal termination (return value 0)
		Usr 0 00:00:00, Sys 0 00:00:00  -  Run Remote Usage
		Usr 0 00:00:00, Sys 0 00:00:00  -  Run Local Usage
		Usr 0 00:00:00, Sys 0 00:00:00  -  Total Remote Usage
		Usr 0 00:00:00, Sys 0 00:00:00  -  Total Local Usage
	0  -  Run Bytes Sent By Job
	0  -  Run Bytes Received By Job
	0  -  Total Bytes Sent By Job
	0  -  Total Bytes Received By Job
...
000 (1014175.000.000) 04/27 18:00:27 Job submitted from host: <192.168.1.254:35795>
...
013 (1014175.000.000) 04/27 18:00:30 Job was released.
	via condor_release (by user condor)
...
001 (1014175.000.000) 04/27 18:00:32 Job executing on host: <192.168.1.219:42259>
...
Job start: host=twqcd218, JOB_ID=1014175, GPU_ID=0, wdir=/home/cuda2025/B10505047/b10505047_HW2
005 (1014175.000.000) 04/27 18:00:35 Job terminated.
	(1) Normal termination (return value 0)
		Usr 0 00:00:00, Sys 0 00:00:00  -  Run Remote Usage
		Usr 0 00:00:00, Sys 0 00:00:00  -  Run Local Usage
		Usr 0 00:00:00, Sys 0 00:00:00  -  Total Remote Usage
		Usr 0 00:00:00, Sys 0 00:00:00  -  Total Local Usage
	0  -  Run Bytes Sent By Job
	0  -  Run Bytes Received By Job
	0  -  Total Bytes Sent By Job
	0  -  Total Bytes Received By Job
...
000 (1014176.000.000) 04/27 18:05:46 Job submitted from host: <192.168.1.254:35795>
...
013 (1014176.000.000) 04/27 18:05:49 Job was released.
	via condor_release (by user condor)
...
001 (1014176.000.000) 04/27 18:06:07 Job executing on host: <192.168.1.219:42259>
...
Job start: host=twqcd218, JOB_ID=1014176, GPU_ID=0, wdir=/home/cuda2025/B10505047/b10505047_HW2
005 (1014176.000.000) 04/27 18:06:10 Job terminated.
	(1) Normal termination (return value 0)
		Usr 0 00:00:00, Sys 0 00:00:00  -  Run Remote Usage
		Usr 0 00:00:00, Sys 0 00:00:00  -  Run Local Usage
		Usr 0 00:00:00, Sys 0 00:00:00  -  Total Remote Usage
		Usr 0 00:00:00, Sys 0 00:00:00  -  Total Local Usage
	0  -  Run Bytes Sent By Job
	0  -  Run Bytes Received By Job
	0  -  Total Bytes Sent By Job
	0  -  Total Bytes Received By Job
...
000 (1014177.000.000) 04/27 18:08:28 Job submitted from host: <192.168.1.254:35795>
...
013 (1014177.000.000) 04/27 18:08:34 Job was released.
	via condor_release (by user condor)
...
001 (1014177.000.000) 04/27 18:08:58 Job executing on host: <192.168.1.219:42259>
...
Job start: host=twqcd218, JOB_ID=1014177, GPU_ID=0, wdir=/home/cuda2025/B10505047/b10505047_HW2
005 (1014177.000.000) 04/27 18:09:00 Job terminated.
	(1) Normal termination (return value 0)
		Usr 0 00:00:00, Sys 0 00:00:00  -  Run Remote Usage
		Usr 0 00:00:00, Sys 0 00:00:00  -  Run Local Usage
		Usr 0 00:00:00, Sys 0 00:00:00  -  Total Remote Usage
		Usr 0 00:00:00, Sys 0 00:00:00  -  Total Local Usage
	0  -  Run Bytes Sent By Job
	0  -  Run Bytes Received By Job
	0  -  Total Bytes Sent By Job
	0  -  Total Bytes Received By Job
...
000 (1014178.000.000) 04/27 18:10:17 Job submitted from host: <192.168.1.254:35795>
...
013 (1014178.000.000) 04/27 18:10:28 Job was released.
	via condor_release (by user condor)
...
001 (1014178.000.000) 04/27 18:10:45 Job executing on host: <192.168.1.219:42259>
...
Job start: host=twqcd218, JOB_ID=1014178, GPU_ID=0, wdir=/home/cuda2025/B10505047/b10505047_HW2
005 (1014178.000.000) 04/27 18:10:47 Job terminated.
	(1) Normal termination (return value 0)
		Usr 0 00:00:00, Sys 0 00:00:00  -  Run Remote Usage
		Usr 0 00:00:00, Sys 0 00:00:00  -  Run Local Usage
		Usr 0 00:00:00, Sys 0 00:00:00  -  Total Remote Usage
		Usr 0 00:00:00, Sys 0 00:00:00  -  Total Local Usage
	0  -  Run Bytes Sent By Job
	0  -  Run Bytes Received By Job
	0  -  Total Bytes Sent By Job
	0  -  Total Bytes Received By Job
...
000 (1014179.000.000) 04/27 18:16:22 Job submitted from host: <192.168.1.254:35795>
...
013 (1014179.000.000) 04/27 18:16:28 Job was released.
	via condor_release (by user condor)
...
001 (1014179.000.000) 04/27 18:16:43 Job executing on host: <192.168.1.219:42259>
...
Job start: host=twqcd218, JOB_ID=1014179, GPU_ID=0, wdir=/home/cuda2025/B10505047/b10505047_HW2
005 (1014179.000.000) 04/27 18:16:46 Job terminated.
	(1) Normal termination (return value 0)
		Usr 0 00:00:00, Sys 0 00:00:00  -  Run Remote Usage
		Usr 0 00:00:00, Sys 0 00:00:00  -  Run Local Usage
		Usr 0 00:00:00, Sys 0 00:00:00  -  Total Remote Usage
		Usr 0 00:00:00, Sys 0 00:00:00  -  Total Local Usage
	0  -  Run Bytes Sent By Job
	0  -  Run Bytes Received By Job
	0  -  Total Bytes Sent By Job
	0  -  Total Bytes Received By Job
...
000 (1014180.000.000) 04/27 18:23:10 Job submitted from host: <192.168.1.254:35795>
...
013 (1014180.000.000) 04/27 18:23:10 Job was released.
	via condor_release (by user condor)
...
001 (1014180.000.000) 04/27 18:23:21 Job executing on host: <192.168.1.219:42259>
...
Job start: host=twqcd218, JOB_ID=1014180, GPU_ID=0, wdir=/home/cuda2025/B10505047/b10505047_HW2
005 (1014180.000.000) 04/27 18:23:24 Job terminated.
	(1) Normal termination (return value 0)
		Usr 0 00:00:00, Sys 0 00:00:00  -  Run Remote Usage
		Usr 0 00:00:00, Sys 0 00:00:00  -  Run Local Usage
		Usr 0 00:00:00, Sys 0 00:00:00  -  Total Remote Usage
		Usr 0 00:00:00, Sys 0 00:00:00  -  Total Local Usage
	0  -  Run Bytes Sent By Job
	0  -  Run Bytes Received By Job
	0  -  Total Bytes Sent By Job
	0  -  Total Bytes Received By Job
...
000 (1014181.000.000) 04/27 18:35:21 Job submitted from host: <192.168.1.254:35795>
...
013 (1014181.000.000) 04/27 18:35:22 Job was released.
	via condor_release (by user condor)
...
001 (1014181.000.000) 04/27 18:35:29 Job executing on host: <192.168.1.219:42259>
...
Job start: host=twqcd218, JOB_ID=1014181, GPU_ID=0, wdir=/home/cuda2025/B10505047/b10505047_HW2
005 (1014181.000.000) 04/27 18:35:31 Job terminated.
	(1) Normal termination (return value 0)
		Usr 0 00:00:00, Sys 0 00:00:00  -  Run Remote Usage
		Usr 0 00:00:00, Sys 0 00:00:00  -  Run Local Usage
		Usr 0 00:00:00, Sys 0 00:00:00  -  Total Remote Usage
		Usr 0 00:00:00, Sys 0 00:00:00  -  Total Local Usage
	0  -  Run Bytes Sent By Job
	0  -  Run Bytes Received By Job
	0  -  Total Bytes Sent By Job
	0  -  Total Bytes Received By Job
...
000 (1014182.000.000) 04/27 18:38:11 Job submitted from host: <192.168.1.254:35795>
...
013 (1014182.000.000) 04/27 18:38:17 Job was released.
	via condor_release (by user condor)
...
001 (1014182.000.000) 04/27 18:38:37 Job executing on host: <192.168.1.219:42259>
...
Job start: host=twqcd218, JOB_ID=1014182, GPU_ID=0, wdir=/home/cuda2025/B10505047/b10505047_HW2
005 (1014182.000.000) 04/27 18:38:39 Job terminated.
	(1) Normal termination (return value 0)
		Usr 0 00:00:00, Sys 0 00:00:00  -  Run Remote Usage
		Usr 0 00:00:00, Sys 0 00:00:00  -  Run Local Usage
		Usr 0 00:00:00, Sys 0 00:00:00  -  Total Remote Usage
		Usr 0 00:00:00, Sys 0 00:00:00  -  Total Local Usage
	0  -  Run Bytes Sent By Job
	0  -  Run Bytes Received By Job
	0  -  Total Bytes Sent By Job
	0  -  Total Bytes Received By Job
...
000 (1014183.000.000) 04/27 18:39:22 Job submitted from host: <192.168.1.254:35795>
...
013 (1014183.000.000) 04/27 18:39:29 Job was released.
	via condor_release (by user condor)
...
001 (1014183.000.000) 04/27 18:39:52 Job executing on host: <192.168.1.219:42259>
...
Job start: host=twqcd218, JOB_ID=1014183, GPU_ID=0, wdir=/home/cuda2025/B10505047/b10505047_HW2
005 (1014183.000.000) 04/27 18:39:55 Job terminated.
	(1) Normal termination (return value 0)
		Usr 0 00:00:00, Sys 0 00:00:00  -  Run Remote Usage
		Usr 0 00:00:00, Sys 0 00:00:00  -  Run Local Usage
		Usr 0 00:00:00, Sys 0 00:00:00  -  Total Remote Usage
		Usr 0 00:00:00, Sys 0 00:00:00  -  Total Local Usage
	0  -  Run Bytes Sent By Job
	0  -  Run Bytes Received By Job
	0  -  Total Bytes Sent By Job
	0  -  Total Bytes Received By Job
...
000 (1014184.000.000) 04/27 18:41:19 Job submitted from host: <192.168.1.254:35795>
...
013 (1014184.000.000) 04/27 18:41:23 Job was released.
	via condor_release (by user condor)
...
001 (1014184.000.000) 04/27 18:41:47 Job executing on host: <192.168.1.219:42259>
...
Job start: host=twqcd218, JOB_ID=1014184, GPU_ID=0, wdir=/home/cuda2025/B10505047/b10505047_HW2
005 (1014184.000.000) 04/27 18:41:50 Job terminated.
	(1) Normal termination (return value 0)
		Usr 0 00:00:00, Sys 0 00:00:00  -  Run Remote Usage
		Usr 0 00:00:00, Sys 0 00:00:00  -  Run Local Usage
		Usr 0 00:00:00, Sys 0 00:00:00  -  Total Remote Usage
		Usr 0 00:00:00, Sys 0 00:00:00  -  Total Local Usage
	0  -  Run Bytes Sent By Job
	0  -  Run Bytes Received By Job
	0  -  Total Bytes Sent By Job
	0  -  Total Bytes Received By Job
...
000 (1014185.000.000) 04/27 18:42:58 Job submitted from host: <192.168.1.254:35795>
...
013 (1014185.000.000) 04/27 18:43:06 Job was released.
	via condor_release (by user condor)
...
001 (1014185.000.000) 04/27 18:43:12 Job executing on host: <192.168.1.219:42259>
...
Job start: host=twqcd218, JOB_ID=1014185, GPU_ID=0, wdir=/home/cuda2025/B10505047/b10505047_HW2
005 (1014185.000.000) 04/27 18:43:14 Job terminated.
	(1) Normal termination (return value 0)
		Usr 0 00:00:00, Sys 0 00:00:00  -  Run Remote Usage
		Usr 0 00:00:00, Sys 0 00:00:00  -  Run Local Usage
		Usr 0 00:00:00, Sys 0 00:00:00  -  Total Remote Usage
		Usr 0 00:00:00, Sys 0 00:00:00  -  Total Local Usage
	0  -  Run Bytes Sent By Job
	0  -  Run Bytes Received By Job
	0  -  Total Bytes Sent By Job
	0  -  Total Bytes Received By Job
...
000 (1014186.000.000) 04/27 18:44:32 Job submitted from host: <192.168.1.254:35795>
...
013 (1014186.000.000) 04/27 18:44:39 Job was released.
	via condor_release (by user condor)
...
001 (1014186.000.000) 04/27 18:44:59 Job executing on host: <192.168.1.219:42259>
...
Job start: host=twqcd218, JOB_ID=1014186, GPU_ID=0, wdir=/home/cuda2025/B10505047/b10505047_HW2
005 (1014186.000.000) 04/27 18:45:02 Job terminated.
	(1) Normal termination (return value 0)
		Usr 0 00:00:00, Sys 0 00:00:00  -  Run Remote Usage
		Usr 0 00:00:00, Sys 0 00:00:00  -  Run Local Usage
		Usr 0 00:00:00, Sys 0 00:00:00  -  Total Remote Usage
		Usr 0 00:00:00, Sys 0 00:00:00  -  Total Local Usage
	0  -  Run Bytes Sent By Job
	0  -  Run Bytes Received By Job
	0  -  Total Bytes Sent By Job
	0  -  Total Bytes Received By Job
...
000 (1014187.000.000) 04/27 18:47:05 Job submitted from host: <192.168.1.254:35795>
...
013 (1014187.000.000) 04/27 18:47:14 Job was released.
	via condor_release (by user condor)
...
001 (1014187.000.000) 04/27 18:47:26 Job executing on host: <192.168.1.219:42259>
...
Job start: host=twqcd218, JOB_ID=1014187, GPU_ID=0, wdir=/home/cuda2025/B10505047/b10505047_HW2
005 (1014187.000.000) 04/27 18:47:28 Job terminated.
	(1) Normal termination (return value 0)
		Usr 0 00:00:00, Sys 0 00:00:00  -  Run Remote Usage
		Usr 0 00:00:00, Sys 0 00:00:00  -  Run Local Usage
		Usr 0 00:00:00, Sys 0 00:00:00  -  Total Remote Usage
		Usr 0 00:00:00, Sys 0 00:00:00  -  Total Local Usage
	0  -  Run Bytes Sent By Job
	0  -  Run Bytes Received By Job
	0  -  Total Bytes Sent By Job
	0  -  Total Bytes Received By Job
...
000 (1014188.000.000) 04/27 18:49:00 Job submitted from host: <192.168.1.254:35795>
...
013 (1014188.000.000) 04/27 18:49:07 Job was released.
	via condor_release (by user condor)
...
001 (1014188.000.000) 04/27 18:49:25 Job executing on host: <192.168.1.219:42259>
...
Job start: host=twqcd218, JOB_ID=1014188, GPU_ID=0, wdir=/home/cuda2025/B10505047/b10505047_HW2
005 (1014188.000.000) 04/27 18:49:28 Job terminated.
	(1) Normal termination (return value 0)
		Usr 0 00:00:00, Sys 0 00:00:00  -  Run Remote Usage
		Usr 0 00:00:00, Sys 0 00:00:00  -  Run Local Usage
		Usr 0 00:00:00, Sys 0 00:00:00  -  Total Remote Usage
		Usr 0 00:00:00, Sys 0 00:00:00  -  Total Local Usage
	0  -  Run Bytes Sent By Job
	0  -  Run Bytes Received By Job
	0  -  Total Bytes Sent By Job
	0  -  Total Bytes Received By Job
...
000 (1014189.000.000) 04/27 18:50:45 Job submitted from host: <192.168.1.254:35795>
...
013 (1014189.000.000) 04/27 18:50:50 Job was released.
	via condor_release (by user condor)
...
001 (1014189.000.000) 04/27 18:51:13 Job executing on host: <192.168.1.219:42259>
...
Job start: host=twqcd218, JOB_ID=1014189, GPU_ID=0, wdir=/home/cuda2025/B10505047/b10505047_HW2
005 (1014189.000.000) 04/27 18:51:15 Job terminated.
	(1) Normal termination (return value 0)
		Usr 0 00:00:00, Sys 0 00:00:00  -  Run Remote Usage
		Usr 0 00:00:00, Sys 0 00:00:00  -  Run Local Usage
		Usr 0 00:00:00, Sys 0 00:00:00  -  Total Remote Usage
		Usr 0 00:00:00, Sys 0 00:00:00  -  Total Local Usage
	0  -  Run Bytes Sent By Job
	0  -  Run Bytes Received By Job
	0  -  Total Bytes Sent By Job
	0  -  Total Bytes Received By Job
...
000 (1015189.000.000) 05/11 18:29:48 Job submitted from host: <192.168.1.254:35795>
...
013 (1015189.000.000) 05/11 18:29:53 Job was released.
	via condor_release (by user condor)
...
001 (1015189.000.000) 05/11 18:30:13 Job executing on host: <192.168.1.219:42259>
...
Job start: host=twqcd218, JOB_ID=1015189, GPU_ID=0, wdir=/home/cuda2025/B10505047/b10505047_HW6
005 (1015189.000.000) 05/11 18:30:16 Job terminated.
	(1) Normal termination (return value 0)
		Usr 0 00:00:00, Sys 0 00:00:00  -  Run Remote Usage
		Usr 0 00:00:00, Sys 0 00:00:00  -  Run Local Usage
		Usr 0 00:00:00, Sys 0 00:00:00  -  Total Remote Usage
		Usr 0 00:00:00, Sys 0 00:00:00  -  Total Local Usage
	0  -  Run Bytes Sent By Job
	0  -  Run Bytes Received By Job
	0  -  Total Bytes Sent By Job
	0  -  Total Bytes Received By Job
...
000 (1015190.000.000) 05/11 18:34:09 Job submitted from host: <192.168.1.254:35795>
...
013 (1015190.000.000) 05/11 18:34:10 Job was released.
	via condor_release (by user condor)
...
001 (1015190.000.000) 05/11 18:34:17 Job executing on host: <192.168.1.219:42259>
...
Job start: host=twqcd218, JOB_ID=1015190, GPU_ID=0, wdir=/home/cuda2025/B10505047/b10505047_HW6
005 (1015190.000.000) 05/11 18:34:20 Job terminated.
	(1) Normal termination (return value 0)
		Usr 0 00:00:00, Sys 0 00:00:00  -  Run Remote Usage
		Usr 0 00:00:00, Sys 0 00:00:00  -  Run Local Usage
		Usr 0 00:00:00, Sys 0 00:00:00  -  Total Remote Usage
		Usr 0 00:00:00, Sys 0 00:00:00  -  Total Local Usage
	0  -  Run Bytes Sent By Job
	0  -  Run Bytes Received By Job
	0  -  Total Bytes Sent By Job
	0  -  Total Bytes Received By Job
...
000 (1015191.000.000) 05/11 18:38:14 Job submitted from host: <192.168.1.254:35795>
...
013 (1015191.000.000) 05/11 18:38:18 Job was released.
	via condor_release (by user condor)
...
001 (1015191.000.000) 05/11 18:38:39 Job executing on host: <192.168.1.219:42259>
...
Job start: host=twqcd218, JOB_ID=1015191, GPU_ID=0, wdir=/home/cuda2025/B10505047/b10505047_HW6
005 (1015191.000.000) 05/11 18:38:41 Job terminated.
	(1) Normal termination (return value 0)
		Usr 0 00:00:00, Sys 0 00:00:00  -  Run Remote Usage
		Usr 0 00:00:00, Sys 0 00:00:00  -  Run Local Usage
		Usr 0 00:00:00, Sys 0 00:00:00  -  Total Remote Usage
		Usr 0 00:00:00, Sys 0 00:00:00  -  Total Local Usage
	0  -  Run Bytes Sent By Job
	0  -  Run Bytes Received By Job
	0  -  Total Bytes Sent By Job
	0  -  Total Bytes Received By Job
...
000 (1015192.000.000) 05/11 18:39:36 Job submitted from host: <192.168.1.254:35795>
...
013 (1015192.000.000) 05/11 18:39:40 Job was released.
	via condor_release (by user condor)
...
001 (1015192.000.000) 05/11 18:40:02 Job executing on host: <192.168.1.219:42259>
...
Job start: host=twqcd218, JOB_ID=1015192, GPU_ID=0, wdir=/home/cuda2025/B10505047/b10505047_HW6
005 (1015192.000.000) 05/11 18:40:05 Job terminated.
	(1) Normal termination (return value 0)
		Usr 0 00:00:00, Sys 0 00:00:00  -  Run Remote Usage
		Usr 0 00:00:00, Sys 0 00:00:00  -  Run Local Usage
		Usr 0 00:00:00, Sys 0 00:00:00  -  Total Remote Usage
		Usr 0 00:00:00, Sys 0 00:00:00  -  Total Local Usage
	0  -  Run Bytes Sent By Job
	0  -  Run Bytes Received By Job
	0  -  Total Bytes Sent By Job
	0  -  Total Bytes Received By Job
...
000 (1015193.000.000) 05/11 21:10:05 Job submitted from host: <192.168.1.254:35795>
...
013 (1015193.000.000) 05/11 21:10:14 Job was released.
	via condor_release (by user condor)
...
001 (1015193.000.000) 05/11 21:10:20 Job executing on host: <192.168.1.219:42259>
...
Job start: host=twqcd218, JOB_ID=1015193, GPU_ID=0, wdir=/home/cuda2025/B10505047/b10505047_HW6
005 (1015193.000.000) 05/11 21:10:23 Job terminated.
	(1) Normal termination (return value 0)
		Usr 0 00:00:00, Sys 0 00:00:00  -  Run Remote Usage
		Usr 0 00:00:00, Sys 0 00:00:00  -  Run Local Usage
		Usr 0 00:00:00, Sys 0 00:00:00  -  Total Remote Usage
		Usr 0 00:00:00, Sys 0 00:00:00  -  Total Local Usage
	0  -  Run Bytes Sent By Job
	0  -  Run Bytes Received By Job
	0  -  Total Bytes Sent By Job
	0  -  Total Bytes Received By Job
...
000 (1015194.000.000) 05/11 21:11:54 Job submitted from host: <192.168.1.254:35795>
...
013 (1015194.000.000) 05/11 21:11:57 Job was released.
	via condor_release (by user condor)
...
001 (1015194.000.000) 05/11 21:12:20 Job executing on host: <192.168.1.219:42259>
...
Job start: host=twqcd218, JOB_ID=1015194, GPU_ID=0, wdir=/home/cuda2025/B10505047/b10505047_HW6
005 (1015194.000.000) 05/11 21:12:23 Job terminated.
	(1) Normal termination (return value 0)
		Usr 0 00:00:00, Sys 0 00:00:00  -  Run Remote Usage
		Usr 0 00:00:00, Sys 0 00:00:00  -  Run Local Usage
		Usr 0 00:00:00, Sys 0 00:00:00  -  Total Remote Usage
		Usr 0 00:00:00, Sys 0 00:00:00  -  Total Local Usage
	0  -  Run Bytes Sent By Job
	0  -  Run Bytes Received By Job
	0  -  Total Bytes Sent By Job
	0  -  Total Bytes Received By Job
...
000 (1015195.000.000) 05/11 21:17:13 Job submitted from host: <192.168.1.254:35795>
...
013 (1015195.000.000) 05/11 21:17:17 Job was released.
	via condor_release (by user condor)
...
001 (1015195.000.000) 05/11 21:17:38 Job executing on host: <192.168.1.219:42259>
...
Job start: host=twqcd218, JOB_ID=1015195, GPU_ID=0, wdir=/home/cuda2025/B10505047/b10505047_HW6
005 (1015195.000.000) 05/11 21:17:41 Job terminated.
	(1) Normal termination (return value 0)
		Usr 0 00:00:00, Sys 0 00:00:00  -  Run Remote Usage
		Usr 0 00:00:00, Sys 0 00:00:00  -  Run Local Usage
		Usr 0 00:00:00, Sys 0 00:00:00  -  Total Remote Usage
		Usr 0 00:00:00, Sys 0 00:00:00  -  Total Local Usage
	0  -  Run Bytes Sent By Job
	0  -  Run Bytes Received By Job
	0  -  Total Bytes Sent By Job
	0  -  Total Bytes Received By Job
...
000 (1015196.000.000) 05/11 21:20:38 Job submitted from host: <192.168.1.254:35795>
...
013 (1015196.000.000) 05/11 21:20:43 Job was released.
	via condor_release (by user condor)
...
001 (1015196.000.000) 05/11 21:21:07 Job executing on host: <192.168.1.219:42259>
...
Job start: host=twqcd218, JOB_ID=1015196, GPU_ID=0, wdir=/home/cuda2025/B10505047/b10505047_HW6
005 (1015196.000.000) 05/11 21:21:10 Job terminated.
	(1) Normal termination (return value 0)
		Usr 0 00:00:00, Sys 0 00:00:00  -  Run Remote Usage
		Usr 0 00:00:00, Sys 0 00:00:00  -  Run Local Usage
		Usr 0 00:00:00, Sys 0 00:00:00  -  Total Remote Usage
		Usr 0 00:00:00, Sys 0 00:00:00  -  Total Local Usage
	0  -  Run Bytes Sent By Job
	0  -  Run Bytes Received By Job
	0  -  Total Bytes Sent By Job
	0  -  Total Bytes Received By Job
...
000 (1015197.000.000) 05/11 21:23:10 Job submitted from host: <192.168.1.254:35795>
...
013 (1015197.000.000) 05/11 21:23:18 Job was released.
	via condor_release (by user condor)
...
001 (1015197.000.000) 05/11 21:23:35 Job executing on host: <192.168.1.219:42259>
...
Job start: host=twqcd218, JOB_ID=1015197, GPU_ID=0, wdir=/home/cuda2025/B10505047/b10505047_HW6
005 (1015197.000.000) 05/11 21:23:38 Job terminated.
	(1) Normal termination (return value 0)
		Usr 0 00:00:00, Sys 0 00:00:00  -  Run Remote Usage
		Usr 0 00:00:00, Sys 0 00:00:00  -  Run Local Usage
		Usr 0 00:00:00, Sys 0 00:00:00  -  Total Remote Usage
		Usr 0 00:00:00, Sys 0 00:00:00  -  Total Local Usage
	0  -  Run Bytes Sent By Job
	0  -  Run Bytes Received By Job
	0  -  Total Bytes Sent By Job
	0  -  Total Bytes Received By Job
...
000 (1015198.000.000) 05/11 21:24:59 Job submitted from host: <192.168.1.254:35795>
...
013 (1015198.000.000) 05/11 21:25:01 Job was released.
	via condor_release (by user condor)
...
001 (1015198.000.000) 05/11 21:25:23 Job executing on host: <192.168.1.219:42259>
...
Job start: host=twqcd218, JOB_ID=1015198, GPU_ID=0, wdir=/home/cuda2025/B10505047/b10505047_HW6
005 (1015198.000.000) 05/11 21:25:26 Job terminated.
	(1) Normal termination (return value 0)
		Usr 0 00:00:00, Sys 0 00:00:00  -  Run Remote Usage
		Usr 0 00:00:00, Sys 0 00:00:00  -  Run Local Usage
		Usr 0 00:00:00, Sys 0 00:00:00  -  Total Remote Usage
		Usr 0 00:00:00, Sys 0 00:00:00  -  Total Local Usage
	0  -  Run Bytes Sent By Job
	0  -  Run Bytes Received By Job
	0  -  Total Bytes Sent By Job
	0  -  Total Bytes Received By Job
...
000 (1015199.000.000) 05/11 21:45:03 Job submitted from host: <192.168.1.254:35795>
...
013 (1015199.000.000) 05/11 21:45:06 Job was released.
	via condor_release (by user condor)
...
001 (1015199.000.000) 05/11 21:45:30 Job executing on host: <192.168.1.219:42259>
...
Job start: host=twqcd218, JOB_ID=1015199, GPU_ID=0, wdir=/home/cuda2025/B10505047/b10505047_HW6
005 (1015199.000.000) 05/11 21:45:33 Job terminated.
	(1) Normal termination (return value 0)
		Usr 0 00:00:00, Sys 0 00:00:00  -  Run Remote Usage
		Usr 0 00:00:00, Sys 0 00:00:00  -  Run Local Usage
		Usr 0 00:00:00, Sys 0 00:00:00  -  Total Remote Usage
		Usr 0 00:00:00, Sys 0 00:00:00  -  Total Local Usage
	0  -  Run Bytes Sent By Job
	0  -  Run Bytes Received By Job
	0  -  Total Bytes Sent By Job
	0  -  Total Bytes Received By Job
...
000 (1015200.000.000) 05/11 21:52:14 Job submitted from host: <192.168.1.254:35795>
...
013 (1015200.000.000) 05/11 21:52:19 Job was released.
	via condor_release (by user condor)
...
001 (1015200.000.000) 05/11 21:52:41 Job executing on host: <192.168.1.219:42259>
...
Job start: host=twqcd218, JOB_ID=1015200, GPU_ID=0, wdir=/home/cuda2025/B10505047/b10505047_HW6
005 (1015200.000.000) 05/11 21:52:43 Job terminated.
	(1) Normal termination (return value 0)
		Usr 0 00:00:00, Sys 0 00:00:00  -  Run Remote Usage
		Usr 0 00:00:00, Sys 0 00:00:00  -  Run Local Usage
		Usr 0 00:00:00, Sys 0 00:00:00  -  Total Remote Usage
		Usr 0 00:00:00, Sys 0 00:00:00  -  Total Local Usage
	0  -  Run Bytes Sent By Job
	0  -  Run Bytes Received By Job
	0  -  Total Bytes Sent By Job
	0  -  Total Bytes Received By Job
...
000 (1015201.000.000) 05/11 22:00:16 Job submitted from host: <192.168.1.254:35795>
...
013 (1015201.000.000) 05/11 22:00:23 Job was released.
	via condor_release (by user condor)
...
001 (1015201.000.000) 05/11 22:00:43 Job executing on host: <192.168.1.219:42259>
...
Job start: host=twqcd218, JOB_ID=1015201, GPU_ID=0, wdir=/home/cuda2025/B10505047/b10505047_HW6
005 (1015201.000.000) 05/11 22:00:46 Job terminated.
	(1) Normal termination (return value 0)
		Usr 0 00:00:00, Sys 0 00:00:00  -  Run Remote Usage
		Usr 0 00:00:00, Sys 0 00:00:00  -  Run Local Usage
		Usr 0 00:00:00, Sys 0 00:00:00  -  Total Remote Usage
		Usr 0 00:00:00, Sys 0 00:00:00  -  Total Local Usage
	0  -  Run Bytes Sent By Job
	0  -  Run Bytes Received By Job
	0  -  Total Bytes Sent By Job
	0  -  Total Bytes Received By Job
...
000 (1015202.000.000) 05/11 22:59:21 Job submitted from host: <192.168.1.254:35795>
...
013 (1015202.000.000) 05/11 22:59:26 Job was released.
	via condor_release (by user condor)
...
001 (1015202.000.000) 05/11 22:59:49 Job executing on host: <192.168.1.219:42259>
...
Job start: host=twqcd218, JOB_ID=1015202, GPU_ID=0, wdir=/home/cuda2025/B10505047/b10505047_HW6
005 (1015202.000.000) 05/11 22:59:52 Job terminated.
	(1) Normal termination (return value 0)
		Usr 0 00:00:00, Sys 0 00:00:00  -  Run Remote Usage
		Usr 0 00:00:00, Sys 0 00:00:00  -  Run Local Usage
		Usr 0 00:00:00, Sys 0 00:00:00  -  Total Remote Usage
		Usr 0 00:00:00, Sys 0 00:00:00  -  Total Local Usage
	0  -  Run Bytes Sent By Job
	0  -  Run Bytes Received By Job
	0  -  Total Bytes Sent By Job
	0  -  Total Bytes Received By Job
...
000 (1015203.000.000) 05/11 23:06:24 Job submitted from host: <192.168.1.254:35795>
...
013 (1015203.000.000) 05/11 23:06:29 Job was released.
	via condor_release (by user condor)
...
001 (1015203.000.000) 05/11 23:06:50 Job executing on host: <192.168.1.219:42259>
...
Job start: host=twqcd218, JOB_ID=1015203, GPU_ID=0, wdir=/home/cuda2025/B10505047/b10505047_HW6
005 (1015203.000.000) 05/11 23:06:53 Job terminated.
	(1) Normal termination (return value 0)
		Usr 0 00:00:00, Sys 0 00:00:00  -  Run Remote Usage
		Usr 0 00:00:00, Sys 0 00:00:00  -  Run Local Usage
		Usr 0 00:00:00, Sys 0 00:00:00  -  Total Remote Usage
		Usr 0 00:00:00, Sys 0 00:00:00  -  Total Local Usage
	0  -  Run Bytes Sent By Job
	0  -  Run Bytes Received By Job
	0  -  Total Bytes Sent By Job
	0  -  Total Bytes Received By Job
...
000 (1015204.000.000) 05/11 23:14:23 Job submitted from host: <192.168.1.254:35795>
...
013 (1015204.000.000) 05/11 23:14:23 Job was released.
	via condor_release (by user condor)
...
001 (1015204.000.000) 05/11 23:14:31 Job executing on host: <192.168.1.219:42259>
...
Job start: host=twqcd218, JOB_ID=1015204, GPU_ID=0, wdir=/home/cuda2025/B10505047/b10505047_HW6
005 (1015204.000.000) 05/11 23:14:34 Job terminated.
	(1) Normal termination (return value 0)
		Usr 0 00:00:00, Sys 0 00:00:00  -  Run Remote Usage
		Usr 0 00:00:00, Sys 0 00:00:00  -  Run Local Usage
		Usr 0 00:00:00, Sys 0 00:00:00  -  Total Remote Usage
		Usr 0 00:00:00, Sys 0 00:00:00  -  Total Local Usage
	0  -  Run Bytes Sent By Job
	0  -  Run Bytes Received By Job
	0  -  Total Bytes Sent By Job
	0  -  Total Bytes Received By Job
...
000 (1015207.000.000) 05/12 00:00:37 Job submitted from host: <192.168.1.254:35795>
...
013 (1015206.000.000) 05/12 00:00:40 Job was released.
	via condor_release (by user condor)
...
001 (1015206.000.000) 05/12 00:01:09 Job executing on host: <192.168.1.219:42259>
...
Job start: host=twqcd218, JOB_ID=1015206, GPU_ID=0, wdir=/home/cuda2025/B10505047/b10505047_HW6
013 (1015207.000.000) 05/12 00:01:12 Job was released.
	via condor_release (by user condor)
...
005 (1015206.000.000) 05/12 00:01:12 Job terminated.
	(1) Normal termination (return value 0)
		Usr 0 00:00:00, Sys 0 00:00:00  -  Run Remote Usage
		Usr 0 00:00:00, Sys 0 00:00:00  -  Run Local Usage
		Usr 0 00:00:00, Sys 0 00:00:00  -  Total Remote Usage
		Usr 0 00:00:00, Sys 0 00:00:00  -  Total Local Usage
	0  -  Run Bytes Sent By Job
	0  -  Run Bytes Received By Job
	0  -  Total Bytes Sent By Job
	0  -  Total Bytes Received By Job
...
001 (1015207.000.000) 05/12 00:01:13 Job executing on host: <192.168.1.219:42259>
...
Job start: host=twqcd218, JOB_ID=1015207, GPU_ID=0, wdir=/home/cuda2025/B10505047/b10505047_HW6
005 (1015207.000.000) 05/12 00:01:15 Job terminated.
	(1) Normal termination (return value 0)
		Usr 0 00:00:00, Sys 0 00:00:00  -  Run Remote Usage
		Usr 0 00:00:00, Sys 0 00:00:00  -  Run Local Usage
		Usr 0 00:00:00, Sys 0 00:00:00  -  Total Remote Usage
		Usr 0 00:00:00, Sys 0 00:00:00  -  Total Local Usage
	0  -  Run Bytes Sent By Job
	0  -  Run Bytes Received By Job
	0  -  Total Bytes Sent By Job
	0  -  Total Bytes Received By Job
...
000 (1015208.000.000) 05/12 00:05:06 Job submitted from host: <192.168.1.254:35795>
...
013 (1015208.000.000) 05/12 00:05:09 Job was released.
	via condor_release (by user condor)
...
001 (1015208.000.000) 05/12 00:05:22 Job executing on host: <192.168.1.219:42259>
...
Job start: host=twqcd218, JOB_ID=1015208, GPU_ID=0, wdir=/home/cuda2025/B10505047/b10505047_HW6
005 (1015208.000.000) 05/12 00:05:25 Job terminated.
	(1) Normal termination (return value 0)
		Usr 0 00:00:00, Sys 0 00:00:00  -  Run Remote Usage
		Usr 0 00:00:00, Sys 0 00:00:00  -  Run Local Usage
		Usr 0 00:00:00, Sys 0 00:00:00  -  Total Remote Usage
		Usr 0 00:00:00, Sys 0 00:00:00  -  Total Local Usage
	0  -  Run Bytes Sent By Job
	0  -  Run Bytes Received By Job
	0  -  Total Bytes Sent By Job
	0  -  Total Bytes Received By Job
...
000 (1015209.000.000) 05/12 00:07:10 Job submitted from host: <192.168.1.254:35795>
...
013 (1015209.000.000) 05/12 00:07:13 Job was released.
	via condor_release (by user condor)
...
001 (1015209.000.000) 05/12 00:07:18 Job executing on host: <192.168.1.219:42259>
...
Job start: host=twqcd218, JOB_ID=1015209, GPU_ID=0, wdir=/home/cuda2025/B10505047/b10505047_HW6
005 (1015209.000.000) 05/12 00:07:21 Job terminated.
	(1) Normal termination (return value 0)
		Usr 0 00:00:00, Sys 0 00:00:00  -  Run Remote Usage
		Usr 0 00:00:00, Sys 0 00:00:00  -  Run Local Usage
		Usr 0 00:00:00, Sys 0 00:00:00  -  Total Remote Usage
		Usr 0 00:00:00, Sys 0 00:00:00  -  Total Local Usage
	0  -  Run Bytes Sent By Job
	0  -  Run Bytes Received By Job
	0  -  Total Bytes Sent By Job
	0  -  Total Bytes Received By Job
...
000 (1015210.000.000) 05/12 00:12:56 Job submitted from host: <192.168.1.254:35795>
...
013 (1015210.000.000) 05/12 00:13:03 Job was released.
	via condor_release (by user condor)
...
001 (1015210.000.000) 05/12 00:13:25 Job executing on host: <192.168.1.219:42259>
...
Job start: host=twqcd218, JOB_ID=1015210, GPU_ID=0, wdir=/home/cuda2025/B10505047/b10505047_HW6
005 (1015210.000.000) 05/12 00:13:28 Job terminated.
	(1) Normal termination (return value 0)
		Usr 0 00:00:00, Sys 0 00:00:00  -  Run Remote Usage
		Usr 0 00:00:00, Sys 0 00:00:00  -  Run Local Usage
		Usr 0 00:00:00, Sys 0 00:00:00  -  Total Remote Usage
		Usr 0 00:00:00, Sys 0 00:00:00  -  Total Local Usage
	0  -  Run Bytes Sent By Job
	0  -  Run Bytes Received By Job
	0  -  Total Bytes Sent By Job
	0  -  Total Bytes Received By Job
...
000 (1015211.000.000) 05/12 00:19:17 Job submitted from host: <192.168.1.254:35795>
...
013 (1015211.000.000) 05/12 00:19:25 Job was released.
	via condor_release (by user condor)
...
001 (1015211.000.000) 05/12 00:19:43 Job executing on host: <192.168.1.219:42259>
...
Job start: host=twqcd218, JOB_ID=1015211, GPU_ID=0, wdir=/home/cuda2025/B10505047/b10505047_HW6
005 (1015211.000.000) 05/12 00:19:45 Job terminated.
	(1) Normal termination (return value 0)
		Usr 0 00:00:00, Sys 0 00:00:00  -  Run Remote Usage
		Usr 0 00:00:00, Sys 0 00:00:00  -  Run Local Usage
		Usr 0 00:00:00, Sys 0 00:00:00  -  Total Remote Usage
		Usr 0 00:00:00, Sys 0 00:00:00  -  Total Local Usage
	0  -  Run Bytes Sent By Job
	0  -  Run Bytes Received By Job
	0  -  Total Bytes Sent By Job
	0  -  Total Bytes Received By Job
...
000 (1015212.000.000) 05/12 00:20:44 Job submitted from host: <192.168.1.254:35795>
...
013 (1015212.000.000) 05/12 00:20:47 Job was released.
	via condor_release (by user condor)
...
001 (1015212.000.000) 05/12 00:21:10 Job executing on host: <192.168.1.219:42259>
...
Job start: host=twqcd218, JOB_ID=1015212, GPU_ID=0, wdir=/home/cuda2025/B10505047/b10505047_HW6
005 (1015212.000.000) 05/12 00:21:13 Job terminated.
	(1) Normal termination (return value 0)
		Usr 0 00:00:00, Sys 0 00:00:00  -  Run Remote Usage
		Usr 0 00:00:00, Sys 0 00:00:00  -  Run Local Usage
		Usr 0 00:00:00, Sys 0 00:00:00  -  Total Remote Usage
		Usr 0 00:00:00, Sys 0 00:00:00  -  Total Local Usage
	0  -  Run Bytes Sent By Job
	0  -  Run Bytes Received By Job
	0  -  Total Bytes Sent By Job
	0  -  Total Bytes Received By Job
...
000 (1015213.000.000) 05/12 00:22:24 Job submitted from host: <192.168.1.254:35795>
...
013 (1015213.000.000) 05/12 00:22:30 Job was released.
	via condor_release (by user condor)
...
001 (1015213.000.000) 05/12 00:22:58 Job executing on host: <192.168.1.219:42259>
...
Job start: host=twqcd218, JOB_ID=1015213, GPU_ID=0, wdir=/home/cuda2025/B10505047/b10505047_HW6
005 (1015213.000.000) 05/12 00:23:01 Job terminated.
	(1) Normal termination (return value 0)
		Usr 0 00:00:00, Sys 0 00:00:00  -  Run Remote Usage
		Usr 0 00:00:00, Sys 0 00:00:00  -  Run Local Usage
		Usr 0 00:00:00, Sys 0 00:00:00  -  Total Remote Usage
		Usr 0 00:00:00, Sys 0 00:00:00  -  Total Local Usage
	0  -  Run Bytes Sent By Job
	0  -  Run Bytes Received By Job
	0  -  Total Bytes Sent By Job
	0  -  Total Bytes Received By Job
...
000 (1015214.000.000) 05/12 00:24:07 Job submitted from host: <192.168.1.254:35795>
...
013 (1015214.000.000) 05/12 00:24:14 Job was released.
	via condor_release (by user condor)
...
001 (1015214.000.000) 05/12 00:24:34 Job executing on host: <192.168.1.219:42259>
...
Job start: host=twqcd218, JOB_ID=1015214, GPU_ID=0, wdir=/home/cuda2025/B10505047/b10505047_HW6
005 (1015214.000.000) 05/12 00:24:37 Job terminated.
	(1) Normal termination (return value 0)
		Usr 0 00:00:00, Sys 0 00:00:00  -  Run Remote Usage
		Usr 0 00:00:00, Sys 0 00:00:00  -  Run Local Usage
		Usr 0 00:00:00, Sys 0 00:00:00  -  Total Remote Usage
		Usr 0 00:00:00, Sys 0 00:00:00  -  Total Local Usage
	0  -  Run Bytes Sent By Job
	0  -  Run Bytes Received By Job
	0  -  Total Bytes Sent By Job
	0  -  Total Bytes Received By Job
...
000 (1015215.000.000) 05/12 00:26:16 Job submitted from host: <192.168.1.254:35795>
...
013 (1015215.000.000) 05/12 00:26:17 Job was released.
	via condor_release (by user condor)
...
001 (1015215.000.000) 05/12 00:26:42 Job executing on host: <192.168.1.219:42259>
...
Job start: host=twqcd218, JOB_ID=1015215, GPU_ID=0, wdir=/home/cuda2025/B10505047/b10505047_HW6
005 (1015215.000.000) 05/12 00:26:45 Job terminated.
	(1) Normal termination (return value 0)
		Usr 0 00:00:00, Sys 0 00:00:00  -  Run Remote Usage
		Usr 0 00:00:00, Sys 0 00:00:00  -  Run Local Usage
		Usr 0 00:00:00, Sys 0 00:00:00  -  Total Remote Usage
		Usr 0 00:00:00, Sys 0 00:00:00  -  Total Local Usage
	0  -  Run Bytes Sent By Job
	0  -  Run Bytes Received By Job
	0  -  Total Bytes Sent By Job
	0  -  Total Bytes Received By Job
...
000 (1015216.000.000) 05/12 00:27:20 Job submitted from host: <192.168.1.254:35795>
...
013 (1015216.000.000) 05/12 00:27:30 Job was released.
	via condor_release (by user condor)
...
001 (1015216.000.000) 05/12 00:27:46 Job executing on host: <192.168.1.219:42259>
...
Job start: host=twqcd218, JOB_ID=1015216, GPU_ID=0, wdir=/home/cuda2025/B10505047/b10505047_HW6
005 (1015216.000.000) 05/12 00:27:49 Job terminated.
	(1) Normal termination (return value 0)
		Usr 0 00:00:00, Sys 0 00:00:00  -  Run Remote Usage
		Usr 0 00:00:00, Sys 0 00:00:00  -  Run Local Usage
		Usr 0 00:00:00, Sys 0 00:00:00  -  Total Remote Usage
		Usr 0 00:00:00, Sys 0 00:00:00  -  Total Local Usage
	0  -  Run Bytes Sent By Job
	0  -  Run Bytes Received By Job
	0  -  Total Bytes Sent By Job
	0  -  Total Bytes Received By Job
...
000 (1015217.000.000) 05/12 00:28:33 Job submitted from host: <192.168.1.254:35795>
...
013 (1015217.000.000) 05/12 00:28:42 Job was released.
	via condor_release (by user condor)
...
001 (1015217.000.000) 05/12 00:29:03 Job executing on host: <192.168.1.219:42259>
...
Job start: host=twqcd218, JOB_ID=1015217, GPU_ID=0, wdir=/home/cuda2025/B10505047/b10505047_HW6
005 (1015217.000.000) 05/12 00:29:05 Job terminated.
	(1) Normal termination (return value 0)
		Usr 0 00:00:00, Sys 0 00:00:00  -  Run Remote Usage
		Usr 0 00:00:00, Sys 0 00:00:00  -  Run Local Usage
		Usr 0 00:00:00, Sys 0 00:00:00  -  Total Remote Usage
		Usr 0 00:00:00, Sys 0 00:00:00  -  Total Local Usage
	0  -  Run Bytes Sent By Job
	0  -  Run Bytes Received By Job
	0  -  Total Bytes Sent By Job
	0  -  Total Bytes Received By Job
...
000 (1015218.000.000) 05/12 00:29:36 Job submitted from host: <192.168.1.254:35795>
...
013 (1015218.000.000) 05/12 00:29:44 Job was released.
	via condor_release (by user condor)
...
001 (1015218.000.000) 05/12 00:30:06 Job executing on host: <192.168.1.219:42259>
...
Job start: host=twqcd218, JOB_ID=1015218, GPU_ID=0, wdir=/home/cuda2025/B10505047/b10505047_HW6
005 (1015218.000.000) 05/12 00:30:09 Job terminated.
	(1) Normal termination (return value 0)
		Usr 0 00:00:00, Sys 0 00:00:00  -  Run Remote Usage
		Usr 0 00:00:00, Sys 0 00:00:00  -  Run Local Usage
		Usr 0 00:00:00, Sys 0 00:00:00  -  Total Remote Usage
		Usr 0 00:00:00, Sys 0 00:00:00  -  Total Local Usage
	0  -  Run Bytes Sent By Job
	0  -  Run Bytes Received By Job
	0  -  Total Bytes Sent By Job
	0  -  Total Bytes Received By Job
...
000 (1015219.000.000) 05/12 00:32:28 Job submitted from host: <192.168.1.254:35795>
...
013 (1015219.000.000) 05/12 00:32:29 Job was released.
	via condor_release (by user condor)
...
001 (1015219.000.000) 05/12 00:32:56 Job executing on host: <192.168.1.219:42259>
...
Job start: host=twqcd218, JOB_ID=1015219, GPU_ID=0, wdir=/home/cuda2025/B10505047/b10505047_HW6
005 (1015219.000.000) 05/12 00:32:59 Job terminated.
	(1) Normal termination (return value 0)
		Usr 0 00:00:00, Sys 0 00:00:00  -  Run Remote Usage
		Usr 0 00:00:00, Sys 0 00:00:00  -  Run Local Usage
		Usr 0 00:00:00, Sys 0 00:00:00  -  Total Remote Usage
		Usr 0 00:00:00, Sys 0 00:00:00  -  Total Local Usage
	0  -  Run Bytes Sent By Job
	0  -  Run Bytes Received By Job
	0  -  Total Bytes Sent By Job
	0  -  Total Bytes Received By Job
...
000 (1015220.000.000) 05/12 00:33:22 Job submitted from host: <192.168.1.254:35795>
...
013 (1015220.000.000) 05/12 00:33:31 Job was released.
	via condor_release (by user condor)
...
001 (1015220.000.000) 05/12 00:33:41 Job executing on host: <192.168.1.219:42259>
...
Job start: host=twqcd218, JOB_ID=1015220, GPU_ID=0, wdir=/home/cuda2025/B10505047/b10505047_HW6
005 (1015220.000.000) 05/12 00:33:44 Job terminated.
	(1) Normal termination (return value 0)
		Usr 0 00:00:00, Sys 0 00:00:00  -  Run Remote Usage
		Usr 0 00:00:00, Sys 0 00:00:00  -  Run Local Usage
		Usr 0 00:00:00, Sys 0 00:00:00  -  Total Remote Usage
		Usr 0 00:00:00, Sys 0 00:00:00  -  Total Local Usage
	0  -  Run Bytes Sent By Job
	0  -  Run Bytes Received By Job
	0  -  Total Bytes Sent By Job
	0  -  Total Bytes Received By Job
...
000 (1015221.000.000) 05/12 00:34:49 Job submitted from host: <192.168.1.254:35795>
...
013 (1015221.000.000) 05/12 00:34:53 Job was released.
	via condor_release (by user condor)
...
001 (1015221.000.000) 05/12 00:35:07 Job executing on host: <192.168.1.219:42259>
...
Job start: host=twqcd218, JOB_ID=1015221, GPU_ID=0, wdir=/home/cuda2025/B10505047/b10505047_HW6
005 (1015221.000.000) 05/12 00:35:10 Job terminated.
	(1) Normal termination (return value 0)
		Usr 0 00:00:00, Sys 0 00:00:00  -  Run Remote Usage
		Usr 0 00:00:00, Sys 0 00:00:00  -  Run Local Usage
		Usr 0 00:00:00, Sys 0 00:00:00  -  Total Remote Usage
		Usr 0 00:00:00, Sys 0 00:00:00  -  Total Local Usage
	0  -  Run Bytes Sent By Job
	0  -  Run Bytes Received By Job
	0  -  Total Bytes Sent By Job
	0  -  Total Bytes Received By Job
...
000 (1015222.000.000) 05/12 00:36:33 Job submitted from host: <192.168.1.254:35795>
...
013 (1015222.000.000) 05/12 00:36:36 Job was released.
	via condor_release (by user condor)
...
001 (1015222.000.000) 05/12 00:36:55 Job executing on host: <192.168.1.219:42259>
...
Job start: host=twqcd218, JOB_ID=1015222, GPU_ID=0, wdir=/home/cuda2025/B10505047/b10505047_HW6
005 (1015222.000.000) 05/12 00:36:58 Job terminated.
	(1) Normal termination (return value 0)
		Usr 0 00:00:00, Sys 0 00:00:00  -  Run Remote Usage
		Usr 0 00:00:00, Sys 0 00:00:00  -  Run Local Usage
		Usr 0 00:00:00, Sys 0 00:00:00  -  Total Remote Usage
		Usr 0 00:00:00, Sys 0 00:00:00  -  Total Local Usage
	0  -  Run Bytes Sent By Job
	0  -  Run Bytes Received By Job
	0  -  Total Bytes Sent By Job
	0  -  Total Bytes Received By Job
...
